TableControl: QueueUpdate 2021/12/11 上午 03:40:20:42
TableControl: QueueUpdate 2021/12/11 上午 03:40:20:43
TableControl: About to update entries 2021/12/11 上午 03:40:20:43
TableControl: Updating entries 2021/12/11 上午 03:40:20:43
TableControl: QueueUpdate 2021/12/11 下午 05:58:48:465
TableControl: QueueUpdate 2021/12/11 下午 05:58:48:466
TableControl: About to update entries 2021/12/11 下午 05:58:48:466
TableControl: Updating entries 2021/12/11 下午 05:58:48:468
TableControl: QueueUpdate 2021/12/27 下午 04:09:00:631
TableControl: About to update entries 2021/12/27 下午 04:09:00:633
TableControl: QueueUpdate 2021/12/27 下午 04:09:00:633
TableControl: QueueUpdate 2021/12/27 下午 04:09:00:636
TableControl: QueueUpdate 2021/12/27 下午 04:09:00:637
TableControl: QueueUpdate 2021/12/27 下午 04:09:00:639
TableControl: Updating entries 2021/12/27 下午 04:09:00:636
TableControl: QueueUpdate 2022/1/4 下午 03:03:44:821
TableControl: About to update entries 2022/1/4 下午 03:03:44:823
TableControl: QueueUpdate 2022/1/4 下午 03:03:44:823
TableControl: Updating entries 2022/1/4 下午 03:03:44:827
TableControl: QueueUpdate 2022/1/12 下午 01:26:39:216
TableControl: About to update entries 2022/1/12 下午 01:26:39:218
TableControl: QueueUpdate 2022/1/12 下午 01:26:39:218
TableControl: QueueUpdate 2022/1/12 下午 01:26:39:222
TableControl: QueueUpdate 2022/1/12 下午 01:26:39:224
TableControl: QueueUpdate 2022/1/12 下午 01:26:39:226
TableControl: QueueUpdate 2022/1/12 下午 01:26:39:228
TableControl: QueueUpdate 2022/1/12 下午 01:26:39:230
TableControl: QueueUpdate 2022/1/12 下午 01:26:39:231
TableControl: Updating entries 2022/1/12 下午 01:26:39:222
