ResolveFWLinkAccountManager statusCode is redirect: 'True'
ResolveFWLinkAccountManager resovled fwlink from 'https://go.microsoft.com/fwlink/?LinkID=415837' to 'https://app.vssps.visualstudio.com/'
TableControl: QueueUpdate 2021/12/11 上午 02:20:25:900
TableControl: About to update entries 2021/12/11 上午 02:20:26:7
TableControl: Updating entries 2021/12/11 上午 02:20:26:7
TableControl: QueueUpdate 2021/12/11 上午 02:20:28:598
TableControl: Updating entries (UI thread) 2021/12/11 上午 02:20:29:39
TableControl: Refreshing UI 2021/12/11 上午 02:20:29:50
TableControl: QueueUpdate 2021/12/11 上午 02:20:29:51
TableControl: About to update entries 2021/12/11 上午 02:20:29:52
TableControl: Updating entries 2021/12/11 上午 02:20:29:52
TableControl: Updating entries (UI thread) 2021/12/11 上午 02:20:29:53
TableControl: Refreshing UI 2021/12/11 上午 02:20:29:53
Informational: 開始為要求的測試回合執行測試探索
Informational: ========== 開始測試探索 ==========
Warning: 找到相同延伸模組的多個版本。系統會選取最高版本。
  Microsoft.VisualStudio.TestPlatform.MSTest.TestAdapter : 14.0.5816.2
Informational: ========== 測試探索已完成: 在 784.2 毫秒 找到 2 項測試 ==========
Informational: 正在執行測試方法: 'MainFormUITest.GUITest.GUITest.BasicFunctionTest'
Informational: ========== 開始測試回合 ==========
TableControl: QueueUpdate 2021/12/11 上午 02:20:34:611
Warning: 找到相同延伸模組的多個版本。系統會選取最高版本。
  Microsoft.VisualStudio.TestPlatform.MSTest.TestAdapter : 14.0.5816.2
TableControl: About to update entries 2021/12/11 上午 02:20:34:731
TableControl: Updating entries 2021/12/11 上午 02:20:34:732
TableControl: Updating entries (UI thread) 2021/12/11 上午 02:20:34:732
TableControl: Refreshing UI 2021/12/11 上午 02:20:34:732
TableControl: QueueUpdate 2021/12/11 上午 02:20:36:804
TableControl: About to update entries 2021/12/11 上午 02:20:36:911
TableControl: Updating entries 2021/12/11 上午 02:20:36:911
TableControl: Updating entries (UI thread) 2021/12/11 上午 02:20:36:911
TableControl: Refreshing UI 2021/12/11 上午 02:20:36:912
Informational: ========== 測試回合已完成: 在 2.6 秒 執行了 1 項測試 (0 項通過，1 項失敗，0 項跳過) ==========
TableControl: QueueUpdate 2021/12/11 上午 02:20:37:885
TableControl: About to update entries 2021/12/11 上午 02:20:37:993
TableControl: Updating entries 2021/12/11 上午 02:20:37:993
TableControl: Updating entries (UI thread) 2021/12/11 上午 02:20:37:993
TableControl: Refreshing UI 2021/12/11 上午 02:20:37:994
TableControl: QueueUpdate 2021/12/11 上午 02:20:44:8
TableControl: About to update entries 2021/12/11 上午 02:20:44:8
TableControl: Updating entries 2021/12/11 上午 02:20:44:9
TableControl: Updating entries (UI thread) 2021/12/11 上午 02:20:44:9
TableControl: Refreshing UI 2021/12/11 上午 02:20:44:9
TableControl: QueueUpdate 2021/12/11 上午 02:20:44:747
TableControl: About to update entries 2021/12/11 上午 02:20:44:747
TableControl: Updating entries 2021/12/11 上午 02:20:44:748
TableControl: Updating entries (UI thread) 2021/12/11 上午 02:20:44:755
TableControl: Refreshing UI 2021/12/11 上午 02:20:44:762
TableControl: QueueUpdate 2021/12/11 上午 02:20:46:254
TableControl: About to update entries 2021/12/11 上午 02:20:46:255
TableControl: Updating entries 2021/12/11 上午 02:20:46:255
TableControl: Updating entries (UI thread) 2021/12/11 上午 02:20:46:255
TableControl: Refreshing UI 2021/12/11 上午 02:20:46:263
TableControl: QueueUpdate 2021/12/11 上午 02:20:47:162
TableControl: About to update entries 2021/12/11 上午 02:20:47:162
TableControl: Updating entries 2021/12/11 上午 02:20:47:162
TableControl: Updating entries (UI thread) 2021/12/11 上午 02:20:47:163
TableControl: Refreshing UI 2021/12/11 上午 02:20:47:163
TableControl: QueueUpdate 2021/12/11 上午 02:21:05:880
TableControl: About to update entries 2021/12/11 上午 02:21:05:880
TableControl: Updating entries 2021/12/11 上午 02:21:05:881
TableControl: Updating entries (UI thread) 2021/12/11 上午 02:21:05:881
TableControl: Refreshing UI 2021/12/11 上午 02:21:05:889
TableControl: QueueUpdate 2021/12/11 上午 02:21:19:348
TableControl: About to update entries 2021/12/11 上午 02:21:19:462
TableControl: Updating entries 2021/12/11 上午 02:21:19:462
TableControl: Updating entries (UI thread) 2021/12/11 上午 02:21:20:20
TableControl: Refreshing UI 2021/12/11 上午 02:21:20:21
Informational: 開始為要求的測試回合執行測試探索
Informational: ========== 開始測試探索 ==========
Warning: 找到相同延伸模組的多個版本。系統會選取最高版本。
  Microsoft.VisualStudio.TestPlatform.MSTest.TestAdapter : 14.0.5816.2
Informational: ========== 測試探索已完成: 在 901.1 毫秒 找到 2 項測試 ==========
Informational: 正在執行測試方法: 'MainFormUITest.GUITest.MainFormUITest.BasicFunctionTest'
Informational: ========== 開始測試回合 ==========
TableControl: QueueUpdate 2021/12/11 上午 02:21:23:585
Warning: 找到相同延伸模組的多個版本。系統會選取最高版本。
  Microsoft.VisualStudio.TestPlatform.MSTest.TestAdapter : 14.0.5816.2
TableControl: About to update entries 2021/12/11 上午 02:21:23:698
TableControl: Updating entries 2021/12/11 上午 02:21:23:698
TableControl: Updating entries (UI thread) 2021/12/11 上午 02:21:23:698
TableControl: Refreshing UI 2021/12/11 上午 02:21:23:699
Informational: ========== 測試回合已完成: 在 2.6 秒 執行了 1 項測試 (0 項通過，1 項失敗，0 項跳過) ==========
TableControl: QueueUpdate 2021/12/11 上午 02:21:26:941
TableControl: About to update entries 2021/12/11 上午 02:21:27:54
TableControl: Updating entries 2021/12/11 上午 02:21:27:54
TableControl: Updating entries (UI thread) 2021/12/11 上午 02:21:27:55
TableControl: Refreshing UI 2021/12/11 上午 02:21:27:60
TableControl: QueueUpdate 2021/12/11 上午 02:21:29:92
TableControl: About to update entries 2021/12/11 上午 02:21:29:93
TableControl: Updating entries 2021/12/11 上午 02:21:29:93
TableControl: Updating entries (UI thread) 2021/12/11 上午 02:21:29:101
TableControl: Refreshing UI 2021/12/11 上午 02:21:29:107
TableControl: QueueUpdate 2021/12/11 上午 02:21:29:757
TableControl: About to update entries 2021/12/11 上午 02:21:29:758
TableControl: Updating entries 2021/12/11 上午 02:21:29:758
TableControl: Updating entries (UI thread) 2021/12/11 上午 02:21:29:759
TableControl: Refreshing UI 2021/12/11 上午 02:21:29:766
TableControl: QueueUpdate 2021/12/11 上午 02:21:30:426
TableControl: About to update entries 2021/12/11 上午 02:21:30:427
TableControl: Updating entries 2021/12/11 上午 02:21:30:427
TableControl: Updating entries (UI thread) 2021/12/11 上午 02:21:30:427
TableControl: Refreshing UI 2021/12/11 上午 02:21:30:428
Informational: 正在執行類型 'MainFormUITest.GUITest.MainFormUITest' 中的所有測試
Informational: ========== 開始測試回合 ==========
Warning: 找到相同延伸模組的多個版本。系統會選取最高版本。
  Microsoft.VisualStudio.TestPlatform.MSTest.TestAdapter : 14.0.5816.2
TableControl: QueueUpdate 2021/12/11 上午 02:22:35:976
TableControl: About to update entries 2021/12/11 上午 02:22:35:976
TableControl: Updating entries 2021/12/11 上午 02:22:35:977
TableControl: Updating entries (UI thread) 2021/12/11 上午 02:22:35:977
TableControl: Refreshing UI 2021/12/11 上午 02:22:35:977
TableControl: QueueUpdate 2021/12/11 上午 02:22:38:41
TableControl: About to update entries 2021/12/11 上午 02:22:38:145
TableControl: Updating entries 2021/12/11 上午 02:22:38:145
TableControl: Updating entries (UI thread) 2021/12/11 上午 02:22:38:146
TableControl: Refreshing UI 2021/12/11 上午 02:22:38:146
TableControl: QueueUpdate 2021/12/11 上午 02:22:51:233
TableControl: About to update entries 2021/12/11 上午 02:22:51:334
TableControl: Updating entries 2021/12/11 上午 02:22:51:334
TableControl: Updating entries (UI thread) 2021/12/11 上午 02:22:51:334
TableControl: Refreshing UI 2021/12/11 上午 02:22:51:345
TableControl: QueueUpdate 2021/12/11 上午 02:23:26:843
TableControl: About to update entries 2021/12/11 上午 02:23:26:844
TableControl: Updating entries 2021/12/11 上午 02:23:26:844
TableControl: Updating entries (UI thread) 2021/12/11 上午 02:23:26:845
TableControl: Refreshing UI 2021/12/11 上午 02:23:26:851
Informational: ========== 測試回合已完成: 在 53.1 秒 執行了 2 項測試 (2 項通過，0 項失敗，0 項跳過) ==========
TableControl: QueueUpdate 2021/12/11 上午 02:23:29:687
TableControl: About to update entries 2021/12/11 上午 02:23:29:790
TableControl: Updating entries 2021/12/11 上午 02:23:29:790
TableControl: Updating entries (UI thread) 2021/12/11 上午 02:23:29:790
TableControl: Refreshing UI 2021/12/11 上午 02:23:29:797
Warning: 建置失敗或其已取消。
Informational: 開始為要求的測試回合執行測試探索
Informational: ========== 開始測試探索 ==========
Warning: 找到相同延伸模組的多個版本。系統會選取最高版本。
  Microsoft.VisualStudio.TestPlatform.MSTest.TestAdapter : 14.0.5816.2
Informational: ========== 測試探索已完成: 在 795 毫秒 找到 2 項測試 ==========
Informational: 正在執行測試方法: 'MainFormUITest.GUITest.MainFormUITest.BasicFunctionTest'
Informational: ========== 開始測試回合 ==========
Warning: 找到相同延伸模組的多個版本。系統會選取最高版本。
  Microsoft.VisualStudio.TestPlatform.MSTest.TestAdapter : 14.0.5816.2
Informational: ========== 測試回合已完成: 在 14.1 秒 執行了 1 項測試 (1 項通過，0 項失敗，0 項跳過) ==========
TestWindow package loaded
Informational: 記錄層級已設定為 資訊性 (預設)。
Informational: 記錄層級已設定為 資訊性 (預設)。
Informational: 測試資料存放區在 0.077 秒內開啟。
TableControl: QueueUpdate 2021/12/11 上午 03:26:51:491
TableControl: About to update entries 2021/12/11 上午 03:26:51:492
TableControl: QueueUpdate 2021/12/11 上午 03:26:51:493
TableControl: Updating entries 2021/12/11 上午 03:26:51:496
TableControl: QueueUpdate 2021/12/11 上午 03:26:51:498
TableControl: QueueUpdate 2021/12/11 上午 03:26:51:500
TableControl: QueueUpdate 2021/12/11 上午 03:26:51:503
TableControl: Updating entries (UI thread) 2021/12/11 上午 03:26:51:582
TableControl: Refreshing UI 2021/12/11 上午 03:26:51:582
TableControl: QueueUpdate 2021/12/11 上午 03:26:51:583
TableControl: About to update entries 2021/12/11 上午 03:26:51:583
TableControl: UpdateEntries for Sink is Paused 2021/12/11 上午 03:26:51:590
TableControl: QueueUpdate 2021/12/11 上午 03:26:51:591
TableControl: About to update entries 2021/12/11 上午 03:26:51:696
TableControl: Updating entries 2021/12/11 上午 03:26:51:698
TableControl: Updating entries (UI thread) 2021/12/11 上午 03:26:51:810
TableControl: QueueUpdate 2021/12/11 上午 03:26:51:811
TableControl: QueueUpdate 2021/12/11 上午 03:26:51:811
TableControl: Refreshing UI 2021/12/11 上午 03:26:51:814
TableControl: QueueUpdate 2021/12/11 上午 03:26:51:814
TableControl: About to update entries 2021/12/11 上午 03:26:51:815
TableControl: Updating entries 2021/12/11 上午 03:26:51:815
TableControl: Updating entries (UI thread) 2021/12/11 上午 03:26:51:840
Informational: ========== 開始測試探索 ==========
Warning: 找到相同延伸模組的多個版本。系統會選取最高版本。
  Microsoft.VisualStudio.TestPlatform.MSTest.TestAdapter : 14.0.5816.2
Informational: ========== 測試探索已完成: 在 1.5 秒 找到 11 項測試 ==========
Informational: 開始為要求的測試回合執行測試探索
Informational: ========== 開始測試探索 ==========
Warning: 找到相同延伸模組的多個版本。系統會選取最高版本。
  Microsoft.VisualStudio.TestPlatform.MSTest.TestAdapter : 14.0.5816.2
Informational: ========== 測試探索已完成: 在 804.6 毫秒 找到 2 項測試 ==========
Informational: 正在執行測試方法: 'MainFormUITest.GUITest.MainFormUITest.BasicFunctionTest'
Informational: ========== 開始測試回合 ==========
Warning: 找到相同延伸模組的多個版本。系統會選取最高版本。
  Microsoft.VisualStudio.TestPlatform.MSTest.TestAdapter : 14.0.5816.2
Informational: ========== 測試回合已完成: 在 2.6 秒 執行了 1 項測試 (0 項通過，1 項失敗，0 項跳過) ==========
TableControl: QueueUpdate 2021/12/11 上午 03:34:34:470
TableControl: About to update entries 2021/12/11 上午 03:34:34:470
TableControl: Updating entries 2021/12/11 上午 03:34:34:470
TableControl: Updating entries (UI thread) 2021/12/11 上午 03:34:34:471
TableControl: Refreshing UI 2021/12/11 上午 03:34:34:471
TableControl: QueueUpdate 2021/12/11 上午 03:34:37:405
TableControl: About to update entries 2021/12/11 上午 03:34:37:405
TableControl: Updating entries 2021/12/11 上午 03:34:37:408
TableControl: Updating entries (UI thread) 2021/12/11 上午 03:34:37:408
TableControl: Refreshing UI 2021/12/11 上午 03:34:37:414
TableControl: QueueUpdate 2021/12/11 上午 03:34:38:75
TableControl: About to update entries 2021/12/11 上午 03:34:38:75
TableControl: Updating entries 2021/12/11 上午 03:34:38:76
TableControl: Updating entries (UI thread) 2021/12/11 上午 03:34:38:76
TableControl: Refreshing UI 2021/12/11 上午 03:34:38:83
TableControl: QueueUpdate 2021/12/11 上午 03:34:38:578
TableControl: About to update entries 2021/12/11 上午 03:34:38:579
TableControl: Updating entries 2021/12/11 上午 03:34:38:579
TableControl: Updating entries (UI thread) 2021/12/11 上午 03:34:38:580
TableControl: Refreshing UI 2021/12/11 上午 03:34:38:587
TableControl: QueueUpdate 2021/12/11 上午 03:34:39:58
TableControl: About to update entries 2021/12/11 上午 03:34:39:58
TableControl: Updating entries 2021/12/11 上午 03:34:39:59
TableControl: Updating entries (UI thread) 2021/12/11 上午 03:34:39:59
TableControl: Refreshing UI 2021/12/11 上午 03:34:39:60
Informational: 正在執行測試方法: 'MainFormUITest.GUITest.MainFormUITest.BasicFunctionTest'
Informational: ========== 開始測試回合 ==========
Warning: 找到相同延伸模組的多個版本。系統會選取最高版本。
  Microsoft.VisualStudio.TestPlatform.MSTest.TestAdapter : 14.0.5816.2
TableControl: QueueUpdate 2021/12/11 上午 03:35:55:278
TableControl: About to update entries 2021/12/11 上午 03:35:55:278
TableControl: Updating entries 2021/12/11 上午 03:35:55:278
TableControl: Updating entries (UI thread) 2021/12/11 上午 03:35:55:279
TableControl: Refreshing UI 2021/12/11 上午 03:35:55:279
TableControl: QueueUpdate 2021/12/11 上午 03:35:57:358
TableControl: About to update entries 2021/12/11 上午 03:35:57:460
TableControl: Updating entries 2021/12/11 上午 03:35:57:460
TableControl: Updating entries (UI thread) 2021/12/11 上午 03:35:57:461
TableControl: Refreshing UI 2021/12/11 上午 03:35:57:462
Informational: ========== 測試回合已完成: 在 2.6 秒 執行了 1 項測試 (0 項通過，1 項失敗，0 項跳過) ==========
TableControl: QueueUpdate 2021/12/11 上午 03:35:58:485
TableControl: About to update entries 2021/12/11 上午 03:35:58:586
TableControl: Updating entries 2021/12/11 上午 03:35:58:586
TableControl: Updating entries (UI thread) 2021/12/11 上午 03:35:58:586
TableControl: Refreshing UI 2021/12/11 上午 03:35:58:587
Informational: 正在執行測試方法: 'MainFormUITest.GUITest.MainFormUITest.BasicFunctionTest'
Informational: ========== 開始測試回合 ==========
Warning: 找到相同延伸模組的多個版本。系統會選取最高版本。
  Microsoft.VisualStudio.TestPlatform.MSTest.TestAdapter : 14.0.5816.2
TableControl: QueueUpdate 2021/12/11 上午 03:36:15:4
TableControl: About to update entries 2021/12/11 上午 03:36:15:105
TableControl: Updating entries 2021/12/11 上午 03:36:15:105
TableControl: Updating entries (UI thread) 2021/12/11 上午 03:36:15:105
TableControl: Refreshing UI 2021/12/11 上午 03:36:15:106
TableControl: QueueUpdate 2021/12/11 上午 03:36:17:87
TableControl: About to update entries 2021/12/11 上午 03:36:17:196
TableControl: Updating entries 2021/12/11 上午 03:36:17:196
TableControl: Updating entries (UI thread) 2021/12/11 上午 03:36:17:197
TableControl: Refreshing UI 2021/12/11 上午 03:36:17:197
Informational: ========== 測試回合已完成: 在 13.2 秒 執行了 1 項測試 (1 項通過，0 項失敗，0 項跳過) ==========
TableControl: QueueUpdate 2021/12/11 上午 03:36:28:803
TableControl: About to update entries 2021/12/11 上午 03:36:28:912
TableControl: Updating entries 2021/12/11 上午 03:36:28:912
TableControl: Updating entries (UI thread) 2021/12/11 上午 03:36:28:933
TableControl: Refreshing UI 2021/12/11 上午 03:36:28:944
Informational: 開始為要求的測試回合執行測試探索
Informational: ========== 開始測試探索 ==========
Warning: 找到相同延伸模組的多個版本。系統會選取最高版本。
  Microsoft.VisualStudio.TestPlatform.MSTest.TestAdapter : 14.0.5816.2
Informational: ========== 測試探索已完成: 在 784.3 毫秒 找到 2 項測試 ==========
Informational: 正在執行測試方法: 'MainFormUITest.GUITest.MainFormUITest.BasicFunctionTest'
Informational: ========== 開始測試回合 ==========
Warning: 找到相同延伸模組的多個版本。系統會選取最高版本。
  Microsoft.VisualStudio.TestPlatform.MSTest.TestAdapter : 14.0.5816.2
Informational: ========== 測試回合已完成: 在 17.7 秒 執行了 1 項測試 (1 項通過，0 項失敗，0 項跳過) ==========
TableControl: QueueUpdate 2021/12/11 上午 03:38:24:16
TableControl: About to update entries 2021/12/11 上午 03:38:24:130
TableControl: Updating entries 2021/12/11 上午 03:38:24:130
TableControl: Updating entries (UI thread) 2021/12/11 上午 03:38:25:628
TableControl: Refreshing UI 2021/12/11 上午 03:38:25:629
Informational: 開始為要求的測試回合執行測試探索
Informational: ========== 開始測試探索 ==========
Warning: 找到相同延伸模組的多個版本。系統會選取最高版本。
  Microsoft.VisualStudio.TestPlatform.MSTest.TestAdapter : 14.0.5816.2
Informational: ========== 測試探索已完成: 在 773.7 毫秒 找到 2 項測試 ==========
Informational: 正在執行測試方法: 'MainFormUITest.GUITest.MainFormUITest.BasicFunctionTest'
Informational: ========== 開始測試回合 ==========
Warning: 找到相同延伸模組的多個版本。系統會選取最高版本。
  Microsoft.VisualStudio.TestPlatform.MSTest.TestAdapter : 14.0.5816.2
Informational: ========== 測試回合已完成: 在 12.7 秒 執行了 1 項測試 (1 項通過，0 項失敗，0 項跳過) ==========
TableControl: QueueUpdate 2021/12/11 上午 03:39:02:612
TableControl: About to update entries 2021/12/11 上午 03:39:02:725
TableControl: Updating entries 2021/12/11 上午 03:39:02:725
TableControl: Updating entries (UI thread) 2021/12/11 上午 03:39:02:726
TableControl: Refreshing UI 2021/12/11 上午 03:39:02:726
Informational: 開始為要求的測試回合執行測試探索
Informational: ========== 開始測試探索 ==========
Warning: 找到相同延伸模組的多個版本。系統會選取最高版本。
  Microsoft.VisualStudio.TestPlatform.MSTest.TestAdapter : 14.0.5816.2
Informational: ========== 測試探索已完成: 在 786.5 毫秒 找到 2 項測試 ==========
Informational: 正在執行測試方法: 'MainFormUITest.GUITest.MainFormUITest.BasicFunctionTest'
Informational: ========== 開始測試回合 ==========
Warning: 找到相同延伸模組的多個版本。系統會選取最高版本。
  Microsoft.VisualStudio.TestPlatform.MSTest.TestAdapter : 14.0.5816.2
Informational: ========== 測試回合已完成: 在 12.7 秒 執行了 1 項測試 (1 項通過，0 項失敗，0 項跳過) ==========
TestWindow package loaded
Informational: 記錄層級已設定為 資訊性 (預設)。
Informational: 記錄層級已設定為 資訊性 (預設)。
TestWindow package loaded
Informational: 記錄層級已設定為 資訊性 (預設)。
Informational: 記錄層級已設定為 資訊性 (預設)。
TestWindow package loaded
Informational: 記錄層級已設定為 資訊性 (預設)。
Informational: 記錄層級已設定為 資訊性 (預設)。
Exception e:災難性的失敗 (Exception from HRESULT: 0x8000FFFF (E_UNEXPECTED))
Exception e:災難性的失敗 (Exception from HRESULT: 0x8000FFFF (E_UNEXPECTED))
Exception e:災難性的失敗 (Exception from HRESULT: 0x8000FFFF (E_UNEXPECTED))
Exception e:災難性的失敗 (Exception from HRESULT: 0x8000FFFF (E_UNEXPECTED))
Informational: 測試資料存放區在 0.109 秒內開啟。
TableControl: QueueUpdate 2021/12/27 下午 03:10:20:585
TableControl: About to update entries 2021/12/27 下午 03:10:20:585
TableControl: QueueUpdate 2021/12/27 下午 03:10:20:600
TableControl: Updating entries 2021/12/27 下午 03:10:20:600
TableControl: QueueUpdate 2021/12/27 下午 03:10:20:600
TableControl: QueueUpdate 2021/12/27 下午 03:10:20:616
TableControl: QueueUpdate 2021/12/27 下午 03:10:20:616
TableControl: QueueUpdate 2021/12/27 下午 03:10:20:647
TableControl: Updating entries (UI thread) 2021/12/27 下午 03:10:20:804
TableControl: Refreshing UI 2021/12/27 下午 03:10:20:804
TableControl: QueueUpdate 2021/12/27 下午 03:10:20:804
TableControl: About to update entries 2021/12/27 下午 03:10:20:804
TableControl: Updating entries 2021/12/27 下午 03:10:20:819
TableControl: Updating entries (UI thread) 2021/12/27 下午 03:10:20:819
TableControl: QueueUpdate 2021/12/27 下午 03:10:20:819
TableControl: QueueUpdate 2021/12/27 下午 03:10:20:835
TableControl: Refreshing UI 2021/12/27 下午 03:10:20:835
TableControl: QueueUpdate 2021/12/27 下午 03:10:20:835
TableControl: About to update entries 2021/12/27 下午 03:10:20:835
TableControl: Updating entries 2021/12/27 下午 03:10:20:835
TableControl: Updating entries (UI thread) 2021/12/27 下午 03:10:20:866
TableControl: Refreshing UI 2021/12/27 下午 03:10:20:866
TableControl: QueueUpdate 2021/12/27 下午 03:10:21:803
TableControl: About to update entries 2021/12/27 下午 03:10:21:803
TableControl: Updating entries 2021/12/27 下午 03:10:21:803
TableControl: Updating entries (UI thread) 2021/12/27 下午 03:10:21:819
TableControl: Refreshing UI 2021/12/27 下午 03:10:21:819
Informational: 開始為要求的測試回合執行測試探索
Informational: ========== 開始測試探索 ==========
Warning: 找到相同延伸模組的多個版本。系統會選取最高版本。
  Microsoft.VisualStudio.TestPlatform.MSTest.TestAdapter : 14.0.5816.2
Informational: ========== 測試探索已完成: 在 2 秒 找到 2 項測試 ==========
Informational: 正在執行測試方法: 'MainFormUITest.GUITest.MainFormUITest.RunScriptBuildASnowman'
Informational: ========== 開始測試回合 ==========
Informational: ========== 測試回合已完成: 在 < 1 毫秒 執行了 0 項測試 (0 項通過，0 項失敗，0 項跳過) ==========
Informational: ========== 開始測試探索 ==========
TableControl: QueueUpdate 2021/12/27 下午 03:10:31:543
TableControl: About to update entries 2021/12/27 下午 03:10:32:403
TableControl: Updating entries 2021/12/27 下午 03:10:32:403
TableControl: Updating entries (UI thread) 2021/12/27 下午 03:10:32:403
TableControl: Refreshing UI 2021/12/27 下午 03:10:32:418
Informational: ========== 測試探索已完成: 在 2.2 秒 找到 19 項測試 ==========
TableControl: QueueUpdate 2021/12/27 下午 03:10:33:906
TableControl: About to update entries 2021/12/27 下午 03:10:34:15
TableControl: Updating entries 2021/12/27 下午 03:10:34:18
TableControl: Updating entries (UI thread) 2021/12/27 下午 03:10:34:294
TableControl: Refreshing UI 2021/12/27 下午 03:10:34:297
Informational: 開始為要求的測試回合執行測試探索
Informational: ========== 開始測試探索 ==========
Informational: ========== 測試探索已完成: 在 659.1 毫秒 找到 19 項測試 ==========
Informational: 正在執行檔案 ModelTests.cs 中的所有測試
Informational: ========== 開始測試回合 ==========
TableControl: QueueUpdate 2021/12/27 下午 03:10:50:32
TableControl: About to update entries 2021/12/27 下午 03:10:50:145
TableControl: Updating entries 2021/12/27 下午 03:10:50:148
TableControl: Updating entries (UI thread) 2021/12/27 下午 03:10:50:390
TableControl: Refreshing UI 2021/12/27 下午 03:10:50:393
Informational: ========== 測試回合已完成: 在 146 毫秒 執行了 14 項測試 (14 項通過，0 項失敗，0 項跳過) ==========
TableControl: QueueUpdate 2021/12/27 下午 03:10:51:83
TableControl: About to update entries 2021/12/27 下午 03:10:51:193
TableControl: Updating entries 2021/12/27 下午 03:10:51:193
TableControl: Updating entries (UI thread) 2021/12/27 下午 03:10:51:193
TableControl: Refreshing UI 2021/12/27 下午 03:10:51:193
Informational: 正在執行檔案 PresentationModelTests.cs 中的所有測試
Informational: ========== 開始測試回合 ==========
TableControl: QueueUpdate 2021/12/27 下午 03:10:56:996
TableControl: About to update entries 2021/12/27 下午 03:10:57:114
TableControl: Updating entries 2021/12/27 下午 03:10:57:117
TableControl: Updating entries (UI thread) 2021/12/27 下午 03:10:57:120
TableControl: Refreshing UI 2021/12/27 下午 03:10:57:123
Informational: ========== 測試回合已完成: 在 181 毫秒 執行了 5 項測試 (5 項通過，0 項失敗，0 項跳過) ==========
TableControl: QueueUpdate 2021/12/27 下午 03:10:58:541
TableControl: About to update entries 2021/12/27 下午 03:10:58:659
TableControl: Updating entries 2021/12/27 下午 03:10:58:659
TableControl: Updating entries (UI thread) 2021/12/27 下午 03:10:58:659
TableControl: Refreshing UI 2021/12/27 下午 03:10:58:659
Informational: 正在執行測試方法: 'MainFormUITest.GUITest.MainFormUITest.BasicFunctionTest'
Informational: ========== 開始測試回合 ==========
TableControl: QueueUpdate 2021/12/27 下午 03:11:24:55
TableControl: About to update entries 2021/12/27 下午 03:11:24:169
TableControl: Updating entries 2021/12/27 下午 03:11:24:173
TableControl: Updating entries (UI thread) 2021/12/27 下午 03:11:24:178
TableControl: Refreshing UI 2021/12/27 下午 03:11:24:182
Warning: 找到相同延伸模組的多個版本。系統會選取最高版本。
  Microsoft.VisualStudio.TestPlatform.MSTest.TestAdapter : 14.0.5816.2
TableControl: QueueUpdate 2021/12/27 下午 03:11:27:831
TableControl: About to update entries 2021/12/27 下午 03:11:27:936
TableControl: Updating entries 2021/12/27 下午 03:11:27:940
TableControl: Updating entries (UI thread) 2021/12/27 下午 03:11:27:943
TableControl: Refreshing UI 2021/12/27 下午 03:11:27:946
Informational: ========== 測試回合已完成: 在 3.4 秒 執行了 1 項測試 (0 項通過，1 項失敗，0 項跳過) ==========
TableControl: QueueUpdate 2021/12/27 下午 03:11:30:411
TableControl: About to update entries 2021/12/27 下午 03:11:31:874
TableControl: Updating entries 2021/12/27 下午 03:11:31:877
TableControl: Updating entries (UI thread) 2021/12/27 下午 03:11:31:880
TableControl: Refreshing UI 2021/12/27 下午 03:11:31:883
Informational: 正在執行測試方法: 'MainFormUITest.GUITest.MainFormUITest.BasicFunctionTest'
Informational: ========== 開始測試回合 ==========
TableControl: QueueUpdate 2021/12/27 下午 03:11:55:998
TableControl: About to update entries 2021/12/27 下午 03:11:56:102
TableControl: Updating entries 2021/12/27 下午 03:11:56:104
TableControl: Updating entries (UI thread) 2021/12/27 下午 03:11:56:107
TableControl: Refreshing UI 2021/12/27 下午 03:11:56:109
Warning: 找到相同延伸模組的多個版本。系統會選取最高版本。
  Microsoft.VisualStudio.TestPlatform.MSTest.TestAdapter : 14.0.5816.2
TableControl: QueueUpdate 2021/12/27 下午 03:11:59:696
TableControl: About to update entries 2021/12/27 下午 03:11:59:800
TableControl: Updating entries 2021/12/27 下午 03:11:59:803
TableControl: Updating entries (UI thread) 2021/12/27 下午 03:11:59:806
TableControl: Refreshing UI 2021/12/27 下午 03:11:59:809
Informational: ========== 測試回合已完成: 在 19.3 秒 執行了 1 項測試 (0 項通過，1 項失敗，0 項跳過) ==========
TableControl: QueueUpdate 2021/12/27 下午 03:12:17:568
TableControl: About to update entries 2021/12/27 下午 03:12:17:671
TableControl: Updating entries 2021/12/27 下午 03:12:17:673
TableControl: Updating entries (UI thread) 2021/12/27 下午 03:12:17:675
TableControl: Refreshing UI 2021/12/27 下午 03:12:17:678
TableControl: QueueUpdate 2021/12/27 下午 03:12:29:7
TableControl: About to update entries 2021/12/27 下午 03:12:29:10
TableControl: Updating entries 2021/12/27 下午 03:12:29:13
TableControl: Updating entries (UI thread) 2021/12/27 下午 03:12:29:16
TableControl: Refreshing UI 2021/12/27 下午 03:12:29:29
TableControl: QueueUpdate 2021/12/27 下午 03:12:30:455
TableControl: About to update entries 2021/12/27 下午 03:12:30:457
TableControl: Updating entries 2021/12/27 下午 03:12:30:460
TableControl: Updating entries (UI thread) 2021/12/27 下午 03:12:30:463
TableControl: Refreshing UI 2021/12/27 下午 03:12:30:477
TableControl: QueueUpdate 2021/12/27 下午 03:12:31:742
TableControl: About to update entries 2021/12/27 下午 03:12:31:745
TableControl: Updating entries 2021/12/27 下午 03:12:31:749
TableControl: Updating entries (UI thread) 2021/12/27 下午 03:12:31:753
TableControl: Refreshing UI 2021/12/27 下午 03:12:31:756
Informational: 開始為要求的測試回合執行測試探索
Informational: ========== 開始測試探索 ==========
Warning: 找到相同延伸模組的多個版本。系統會選取最高版本。
  Microsoft.VisualStudio.TestPlatform.MSTest.TestAdapter : 14.0.5816.2
Informational: ========== 測試探索已完成: 在 1.3 秒 找到 2 項測試 ==========
Informational: 正在執行測試方法: 'MainFormUITest.GUITest.MainFormUITest.BasicFunctionTest'
Informational: ========== 開始測試回合 ==========
TableControl: QueueUpdate 2021/12/27 下午 03:15:16:479
TableControl: About to update entries 2021/12/27 下午 03:15:16:482
TableControl: Updating entries 2021/12/27 下午 03:15:16:484
TableControl: Updating entries (UI thread) 2021/12/27 下午 03:15:16:487
TableControl: Refreshing UI 2021/12/27 下午 03:15:16:489
Warning: 找到相同延伸模組的多個版本。系統會選取最高版本。
  Microsoft.VisualStudio.TestPlatform.MSTest.TestAdapter : 14.0.5816.2
TableControl: QueueUpdate 2021/12/27 下午 03:15:18:913
TableControl: About to update entries 2021/12/27 下午 03:15:19:19
TableControl: Updating entries 2021/12/27 下午 03:15:19:26
TableControl: Updating entries (UI thread) 2021/12/27 下午 03:15:19:34
TableControl: Refreshing UI 2021/12/27 下午 03:15:19:42
Informational: ========== 測試回合已完成: 在 16.6 秒 執行了 1 項測試 (0 項通過，1 項失敗，0 項跳過) ==========
TableControl: QueueUpdate 2021/12/27 下午 03:15:34:44
TableControl: About to update entries 2021/12/27 下午 03:15:34:155
TableControl: Updating entries 2021/12/27 下午 03:15:34:158
TableControl: Updating entries (UI thread) 2021/12/27 下午 03:15:34:160
TableControl: Refreshing UI 2021/12/27 下午 03:15:34:162
Informational: 開始為要求的測試回合執行測試探索
Informational: ========== 開始測試探索 ==========
Warning: 找到相同延伸模組的多個版本。系統會選取最高版本。
  Microsoft.VisualStudio.TestPlatform.MSTest.TestAdapter : 14.0.5816.2
Informational: ========== 測試探索已完成: 在 1.3 秒 找到 2 項測試 ==========
Informational: 正在執行測試方法: 'MainFormUITest.GUITest.MainFormUITest.BasicFunctionTest'
Informational: ========== 開始測試回合 ==========
TableControl: QueueUpdate 2021/12/27 下午 03:16:00:7
Warning: 找到相同延伸模組的多個版本。系統會選取最高版本。
  Microsoft.VisualStudio.TestPlatform.MSTest.TestAdapter : 14.0.5816.2
TableControl: About to update entries 2021/12/27 下午 03:16:00:111
TableControl: Updating entries 2021/12/27 下午 03:16:00:113
TableControl: Updating entries (UI thread) 2021/12/27 下午 03:16:00:116
TableControl: Refreshing UI 2021/12/27 下午 03:16:00:118
TableControl: QueueUpdate 2021/12/27 下午 03:16:02:458
TableControl: About to update entries 2021/12/27 下午 03:16:02:579
TableControl: Updating entries 2021/12/27 下午 03:16:02:603
TableControl: Updating entries (UI thread) 2021/12/27 下午 03:16:02:607
TableControl: Refreshing UI 2021/12/27 下午 03:16:02:611
Informational: ========== 測試回合已完成: 在 16.6 秒 執行了 1 項測試 (0 項通過，1 項失敗，0 項跳過) ==========
TableControl: QueueUpdate 2021/12/27 下午 03:16:17:558
TableControl: About to update entries 2021/12/27 下午 03:16:17:669
TableControl: Updating entries 2021/12/27 下午 03:16:17:671
TableControl: Updating entries (UI thread) 2021/12/27 下午 03:16:17:674
TableControl: Refreshing UI 2021/12/27 下午 03:16:17:676
Informational: 開始為要求的測試回合執行測試探索
Informational: ========== 開始測試探索 ==========
Warning: 找到相同延伸模組的多個版本。系統會選取最高版本。
  Microsoft.VisualStudio.TestPlatform.MSTest.TestAdapter : 14.0.5816.2
Informational: ========== 測試探索已完成: 在 2.4 秒 找到 2 項測試 ==========
Informational: 正在執行測試方法: 'MainFormUITest.GUITest.MainFormUITest.BasicFunctionTest'
Informational: ========== 開始測試回合 ==========
TableControl: QueueUpdate 2021/12/27 下午 03:34:56:999
Warning: 找到相同延伸模組的多個版本。系統會選取最高版本。
  Microsoft.VisualStudio.TestPlatform.MSTest.TestAdapter : 14.0.5816.2
TableControl: About to update entries 2021/12/27 下午 03:34:57:109
TableControl: Updating entries 2021/12/27 下午 03:34:57:111
TableControl: Updating entries (UI thread) 2021/12/27 下午 03:34:57:114
TableControl: Refreshing UI 2021/12/27 下午 03:34:57:116
TableControl: QueueUpdate 2021/12/27 下午 03:34:59:408
TableControl: About to update entries 2021/12/27 下午 03:34:59:524
TableControl: Updating entries 2021/12/27 下午 03:34:59:526
TableControl: Updating entries (UI thread) 2021/12/27 下午 03:34:59:528
TableControl: Refreshing UI 2021/12/27 下午 03:34:59:530
Informational: ========== 測試回合已完成: 在 18.8 秒 執行了 1 項測試 (1 項通過，0 項失敗，0 項跳過) ==========
TableControl: QueueUpdate 2021/12/27 下午 03:35:17:407
TableControl: About to update entries 2021/12/27 下午 03:35:17:512
TableControl: Updating entries 2021/12/27 下午 03:35:17:515
TableControl: Updating entries (UI thread) 2021/12/27 下午 03:35:17:517
TableControl: Refreshing UI 2021/12/27 下午 03:35:17:520
Informational: 開始為要求的測試回合執行測試探索
Informational: ========== 開始測試探索 ==========
Warning: 找到相同延伸模組的多個版本。系統會選取最高版本。
  Microsoft.VisualStudio.TestPlatform.MSTest.TestAdapter : 14.0.5816.2
Informational: ========== 測試探索已完成: 在 1.2 秒 找到 2 項測試 ==========
Informational: 正在執行測試方法: 'MainFormUITest.GUITest.MainFormUITest.BasicFunctionTest'
Informational: ========== 開始測試回合 ==========
TableControl: QueueUpdate 2021/12/27 下午 03:36:05:200
Warning: 找到相同延伸模組的多個版本。系統會選取最高版本。
  Microsoft.VisualStudio.TestPlatform.MSTest.TestAdapter : 14.0.5816.2
TableControl: About to update entries 2021/12/27 下午 03:36:05:313
TableControl: Updating entries 2021/12/27 下午 03:36:05:316
TableControl: Updating entries (UI thread) 2021/12/27 下午 03:36:05:319
TableControl: Refreshing UI 2021/12/27 下午 03:36:05:321
TableControl: QueueUpdate 2021/12/27 下午 03:36:07:721
TableControl: About to update entries 2021/12/27 下午 03:36:07:842
TableControl: Updating entries 2021/12/27 下午 03:36:07:850
TableControl: Updating entries (UI thread) 2021/12/27 下午 03:36:07:860
TableControl: Refreshing UI 2021/12/27 下午 03:36:07:870
Informational: ========== 測試回合已完成: 在 17.6 秒 執行了 1 項測試 (1 項通過，0 項失敗，0 項跳過) ==========
TableControl: QueueUpdate 2021/12/27 下午 03:36:23:857
TableControl: About to update entries 2021/12/27 下午 03:36:23:967
TableControl: Updating entries 2021/12/27 下午 03:36:23:970
TableControl: Updating entries (UI thread) 2021/12/27 下午 03:36:23:973
TableControl: Refreshing UI 2021/12/27 下午 03:36:23:975
Informational: 開始為要求的測試回合執行測試探索
Informational: ========== 開始測試探索 ==========
Warning: 找到相同延伸模組的多個版本。系統會選取最高版本。
  Microsoft.VisualStudio.TestPlatform.MSTest.TestAdapter : 14.0.5816.2
Informational: ========== 測試探索已完成: 在 1.2 秒 找到 2 項測試 ==========
Informational: 正在執行測試方法: 'MainFormUITest.GUITest.MainFormUITest.BulidASnowmanTest'
Informational: ========== 開始測試回合 ==========
TableControl: QueueUpdate 2021/12/27 下午 03:38:52:898
Warning: 找到相同延伸模組的多個版本。系統會選取最高版本。
  Microsoft.VisualStudio.TestPlatform.MSTest.TestAdapter : 14.0.5816.2
TableControl: About to update entries 2021/12/27 下午 03:38:53:15
TableControl: Updating entries 2021/12/27 下午 03:38:53:18
TableControl: Updating entries (UI thread) 2021/12/27 下午 03:38:53:20
TableControl: Refreshing UI 2021/12/27 下午 03:38:53:22
TableControl: QueueUpdate 2021/12/27 下午 03:38:55:383
TableControl: About to update entries 2021/12/27 下午 03:38:55:499
TableControl: Updating entries 2021/12/27 下午 03:38:55:501
TableControl: Updating entries (UI thread) 2021/12/27 下午 03:38:55:503
TableControl: Refreshing UI 2021/12/27 下午 03:38:55:505
Informational: ========== 測試回合已完成: 在 34.3 秒 執行了 1 項測試 (0 項通過，1 項失敗，0 項跳過) ==========
TableControl: QueueUpdate 2021/12/27 下午 03:39:28:910
TableControl: About to update entries 2021/12/27 下午 03:39:29:34
TableControl: Updating entries 2021/12/27 下午 03:39:29:36
TableControl: Updating entries (UI thread) 2021/12/27 下午 03:39:29:38
TableControl: Refreshing UI 2021/12/27 下午 03:39:29:40
Informational: 開始為要求的測試回合執行測試探索
Informational: ========== 開始測試探索 ==========
Warning: 找到相同延伸模組的多個版本。系統會選取最高版本。
  Microsoft.VisualStudio.TestPlatform.MSTest.TestAdapter : 14.0.5816.2
Informational: ========== 測試探索已完成: 在 1.3 秒 找到 2 項測試 ==========
Informational: 正在執行測試方法: 'MainFormUITest.GUITest.MainFormUITest.RunScriptBuildASnowman'
Informational: ========== 開始測試回合 ==========
Informational: ========== 測試回合已完成: 在 < 1 毫秒 執行了 0 項測試 (0 項通過，0 項失敗，0 項跳過) ==========
TableControl: QueueUpdate 2021/12/27 下午 03:40:40:333
TableControl: About to update entries 2021/12/27 下午 03:40:40:437
TableControl: Updating entries 2021/12/27 下午 03:40:40:439
TableControl: Updating entries (UI thread) 2021/12/27 下午 03:40:40:441
TableControl: Refreshing UI 2021/12/27 下午 03:40:40:443
Informational: 正在執行測試方法: 'MainFormUITest.GUITest.MainFormUITest.BulidASnowmanTest'
Informational: ========== 開始測試回合 ==========
TableControl: QueueUpdate 2021/12/27 下午 03:40:48:197
Warning: 找到相同延伸模組的多個版本。系統會選取最高版本。
  Microsoft.VisualStudio.TestPlatform.MSTest.TestAdapter : 14.0.5816.2
TableControl: About to update entries 2021/12/27 下午 03:40:48:314
TableControl: Updating entries 2021/12/27 下午 03:40:48:317
TableControl: Updating entries (UI thread) 2021/12/27 下午 03:40:48:319
TableControl: Refreshing UI 2021/12/27 下午 03:40:48:321
TableControl: QueueUpdate 2021/12/27 下午 03:40:50:680
TableControl: About to update entries 2021/12/27 下午 03:40:50:784
TableControl: Updating entries 2021/12/27 下午 03:40:50:787
TableControl: Updating entries (UI thread) 2021/12/27 下午 03:40:50:790
TableControl: Refreshing UI 2021/12/27 下午 03:40:50:792
Informational: ========== 測試回合已完成: 在 39.1 秒 執行了 1 項測試 (0 項通過，1 項失敗，0 項跳過) ==========
TableControl: QueueUpdate 2021/12/27 下午 03:41:28:333
TableControl: About to update entries 2021/12/27 下午 03:41:28:437
TableControl: Updating entries 2021/12/27 下午 03:41:28:440
TableControl: Updating entries (UI thread) 2021/12/27 下午 03:41:28:443
TableControl: Refreshing UI 2021/12/27 下午 03:41:28:445
Informational: 正在執行測試方法: 'MainFormUITest.GUITest.MainFormUITest.BulidASnowmanTest'
Informational: ========== 開始測試回合 ==========
TableControl: QueueUpdate 2021/12/27 下午 03:41:34:880
Warning: 找到相同延伸模組的多個版本。系統會選取最高版本。
  Microsoft.VisualStudio.TestPlatform.MSTest.TestAdapter : 14.0.5816.2
TableControl: About to update entries 2021/12/27 下午 03:41:34:982
TableControl: Updating entries 2021/12/27 下午 03:41:34:984
TableControl: Updating entries (UI thread) 2021/12/27 下午 03:41:34:987
TableControl: Refreshing UI 2021/12/27 下午 03:41:34:989
TableControl: QueueUpdate 2021/12/27 下午 03:41:37:289
TableControl: About to update entries 2021/12/27 下午 03:41:37:394
TableControl: Updating entries 2021/12/27 下午 03:41:37:402
TableControl: Updating entries (UI thread) 2021/12/27 下午 03:41:37:411
TableControl: Refreshing UI 2021/12/27 下午 03:41:37:418
Informational: ========== 測試回合已完成: 在 38.3 秒 執行了 1 項測試 (0 項通過，1 項失敗，0 項跳過) ==========
TableControl: QueueUpdate 2021/12/27 下午 03:42:14:129
TableControl: About to update entries 2021/12/27 下午 03:42:14:233
TableControl: Updating entries 2021/12/27 下午 03:42:14:235
TableControl: Updating entries (UI thread) 2021/12/27 下午 03:42:14:238
TableControl: Refreshing UI 2021/12/27 下午 03:42:14:240
Warning: 建置失敗或其已取消。
Informational: 開始為要求的測試回合執行測試探索
Informational: ========== 開始測試探索 ==========
Warning: 找到相同延伸模組的多個版本。系統會選取最高版本。
  Microsoft.VisualStudio.TestPlatform.MSTest.TestAdapter : 14.0.5816.2
Informational: ========== 測試探索已完成: 在 1.3 秒 找到 2 項測試 ==========
Informational: 正在執行測試方法: 'MainFormUITest.GUITest.MainFormUITest.BulidASnowmanTest'
Informational: ========== 開始測試回合 ==========
TableControl: QueueUpdate 2021/12/27 下午 03:43:19:399
Warning: 找到相同延伸模組的多個版本。系統會選取最高版本。
  Microsoft.VisualStudio.TestPlatform.MSTest.TestAdapter : 14.0.5816.2
TableControl: About to update entries 2021/12/27 下午 03:43:19:504
TableControl: Updating entries 2021/12/27 下午 03:43:19:506
TableControl: Updating entries (UI thread) 2021/12/27 下午 03:43:19:509
TableControl: Refreshing UI 2021/12/27 下午 03:43:19:512
TableControl: QueueUpdate 2021/12/27 下午 03:43:21:856
TableControl: About to update entries 2021/12/27 下午 03:43:21:966
TableControl: Updating entries 2021/12/27 下午 03:43:21:968
TableControl: Updating entries (UI thread) 2021/12/27 下午 03:43:21:971
TableControl: Refreshing UI 2021/12/27 下午 03:43:21:973
Informational: ========== 測試回合已完成: 在 41 秒 執行了 1 項測試 (0 項通過，1 項失敗，0 項跳過) ==========
TableControl: QueueUpdate 2021/12/27 下午 03:44:01:354
TableControl: About to update entries 2021/12/27 下午 03:44:01:472
TableControl: Updating entries 2021/12/27 下午 03:44:01:475
TableControl: Updating entries (UI thread) 2021/12/27 下午 03:44:01:477
TableControl: Refreshing UI 2021/12/27 下午 03:44:01:480
Informational: 開始為要求的測試回合執行測試探索
Informational: ========== 開始測試探索 ==========
Warning: 找到相同延伸模組的多個版本。系統會選取最高版本。
  Microsoft.VisualStudio.TestPlatform.MSTest.TestAdapter : 14.0.5816.2
Informational: ========== 測試探索已完成: 在 1.2 秒 找到 2 項測試 ==========
Informational: 正在執行測試方法: 'MainFormUITest.GUITest.MainFormUITest.BulidASnowmanTest'
Informational: ========== 開始測試回合 ==========
Warning: 找到相同延伸模組的多個版本。系統會選取最高版本。
  Microsoft.VisualStudio.TestPlatform.MSTest.TestAdapter : 14.0.5816.2
TableControl: QueueUpdate 2021/12/27 下午 03:44:48:943
TableControl: About to update entries 2021/12/27 下午 03:44:49:47
TableControl: Updating entries 2021/12/27 下午 03:44:49:49
TableControl: Updating entries (UI thread) 2021/12/27 下午 03:44:49:51
TableControl: Refreshing UI 2021/12/27 下午 03:44:49:54
TableControl: QueueUpdate 2021/12/27 下午 03:44:51:335
TableControl: About to update entries 2021/12/27 下午 03:44:51:439
TableControl: Updating entries 2021/12/27 下午 03:44:51:441
TableControl: Updating entries (UI thread) 2021/12/27 下午 03:44:51:443
TableControl: Refreshing UI 2021/12/27 下午 03:44:51:445
Informational: ========== 測試回合已完成: 在 44.7 秒 執行了 1 項測試 (0 項通過，1 項失敗，0 項跳過) ==========
TableControl: QueueUpdate 2021/12/27 下午 03:45:35:404
TableControl: About to update entries 2021/12/27 下午 03:45:35:507
TableControl: Updating entries 2021/12/27 下午 03:45:35:509
TableControl: Updating entries (UI thread) 2021/12/27 下午 03:45:35:512
TableControl: Refreshing UI 2021/12/27 下午 03:45:35:514
Informational: 正在執行測試方法: 'MainFormUITest.GUITest.MainFormUITest.BulidASnowmanTest'
Informational: ========== 開始測試回合 ==========
TableControl: QueueUpdate 2021/12/27 下午 03:46:01:275
TableControl: About to update entries 2021/12/27 下午 03:46:01:278
TableControl: Updating entries 2021/12/27 下午 03:46:01:280
TableControl: Updating entries (UI thread) 2021/12/27 下午 03:46:01:283
TableControl: Refreshing UI 2021/12/27 下午 03:46:01:285
Warning: 找到相同延伸模組的多個版本。系統會選取最高版本。
  Microsoft.VisualStudio.TestPlatform.MSTest.TestAdapter : 14.0.5816.2
TableControl: QueueUpdate 2021/12/27 下午 03:46:03:685
TableControl: About to update entries 2021/12/27 下午 03:46:03:798
TableControl: Updating entries 2021/12/27 下午 03:46:03:800
TableControl: Updating entries (UI thread) 2021/12/27 下午 03:46:03:802
TableControl: Refreshing UI 2021/12/27 下午 03:46:03:805
Informational: ========== 測試回合已完成: 在 43.7 秒 執行了 1 項測試 (0 項通過，1 項失敗，0 項跳過) ==========
TableControl: QueueUpdate 2021/12/27 下午 03:46:45:951
TableControl: About to update entries 2021/12/27 下午 03:46:46:63
TableControl: Updating entries 2021/12/27 下午 03:46:46:66
TableControl: Updating entries (UI thread) 2021/12/27 下午 03:46:46:69
TableControl: Refreshing UI 2021/12/27 下午 03:46:46:72
Informational: 開始為要求的測試回合執行測試探索
Informational: ========== 開始測試探索 ==========
Warning: 找到相同延伸模組的多個版本。系統會選取最高版本。
  Microsoft.VisualStudio.TestPlatform.MSTest.TestAdapter : 14.0.5816.2
Informational: ========== 測試探索已完成: 在 1.3 秒 找到 2 項測試 ==========
Informational: 正在執行測試方法: 'MainFormUITest.GUITest.MainFormUITest.BulidASnowmanTest'
Informational: ========== 開始測試回合 ==========
Warning: 找到相同延伸模組的多個版本。系統會選取最高版本。
  Microsoft.VisualStudio.TestPlatform.MSTest.TestAdapter : 14.0.5816.2
TableControl: QueueUpdate 2021/12/27 下午 03:47:17:148
TableControl: About to update entries 2021/12/27 下午 03:47:17:264
TableControl: Updating entries 2021/12/27 下午 03:47:17:267
TableControl: Updating entries (UI thread) 2021/12/27 下午 03:47:18:389
TableControl: Refreshing UI 2021/12/27 下午 03:47:18:392
TableControl: QueueUpdate 2021/12/27 下午 03:47:19:562
TableControl: About to update entries 2021/12/27 下午 03:47:19:672
TableControl: Updating entries 2021/12/27 下午 03:47:19:681
TableControl: Updating entries (UI thread) 2021/12/27 下午 03:47:19:690
TableControl: Refreshing UI 2021/12/27 下午 03:47:19:697
Informational: ========== 測試回合已完成: 在 38.7 秒 執行了 1 項測試 (0 項通過，1 項失敗，0 項跳過) ==========
TableControl: QueueUpdate 2021/12/27 下午 03:47:57:415
TableControl: About to update entries 2021/12/27 下午 03:47:57:531
TableControl: Updating entries 2021/12/27 下午 03:47:57:533
TableControl: Updating entries (UI thread) 2021/12/27 下午 03:47:57:536
TableControl: Refreshing UI 2021/12/27 下午 03:47:57:538
Informational: 開始為要求的測試回合執行測試探索
Informational: ========== 開始測試探索 ==========
Warning: 找到相同延伸模組的多個版本。系統會選取最高版本。
  Microsoft.VisualStudio.TestPlatform.MSTest.TestAdapter : 14.0.5816.2
Informational: ========== 測試探索已完成: 在 1.2 秒 找到 2 項測試 ==========
Informational: 正在執行測試方法: 'MainFormUITest.GUITest.MainFormUITest.BulidASnowmanTest'
Informational: ========== 開始測試回合 ==========
TableControl: QueueUpdate 2021/12/27 下午 03:55:37:463
Warning: 找到相同延伸模組的多個版本。系統會選取最高版本。
  Microsoft.VisualStudio.TestPlatform.MSTest.TestAdapter : 14.0.5816.2
TableControl: About to update entries 2021/12/27 下午 03:55:37:567
TableControl: Updating entries 2021/12/27 下午 03:55:37:570
TableControl: Updating entries (UI thread) 2021/12/27 下午 03:55:37:572
TableControl: Refreshing UI 2021/12/27 下午 03:55:37:574
TableControl: QueueUpdate 2021/12/27 下午 03:55:39:929
TableControl: About to update entries 2021/12/27 下午 03:55:40:48
TableControl: Updating entries 2021/12/27 下午 03:55:40:51
TableControl: Updating entries (UI thread) 2021/12/27 下午 03:55:40:56
TableControl: Refreshing UI 2021/12/27 下午 03:55:40:59
Informational: ========== 測試回合已完成: 在 43.8 秒 執行了 1 項測試 (0 項通過，1 項失敗，0 項跳過) ==========
TableControl: QueueUpdate 2021/12/27 下午 03:56:22:242
TableControl: About to update entries 2021/12/27 下午 03:56:22:346
TableControl: Updating entries 2021/12/27 下午 03:56:22:348
TableControl: Updating entries (UI thread) 2021/12/27 下午 03:56:22:351
TableControl: Refreshing UI 2021/12/27 下午 03:56:22:353
Warning: 建置失敗或其已取消。
Informational: 開始為要求的測試回合執行測試探索
Informational: ========== 開始測試探索 ==========
Warning: 找到相同延伸模組的多個版本。系統會選取最高版本。
  Microsoft.VisualStudio.TestPlatform.MSTest.TestAdapter : 14.0.5816.2
Informational: ========== 測試探索已完成: 在 2.9 秒 找到 2 項測試 ==========
Informational: 正在執行測試方法: 'MainFormUITest.GUITest.MainFormUITest.BulidASnowmanTest'
Informational: ========== 開始測試回合 ==========
TableControl: QueueUpdate 2021/12/27 下午 03:57:32:879
Warning: 找到相同延伸模組的多個版本。系統會選取最高版本。
  Microsoft.VisualStudio.TestPlatform.MSTest.TestAdapter : 14.0.5816.2
TableControl: About to update entries 2021/12/27 下午 03:57:32:983
TableControl: Updating entries 2021/12/27 下午 03:57:32:985
TableControl: Updating entries (UI thread) 2021/12/27 下午 03:57:32:987
TableControl: Refreshing UI 2021/12/27 下午 03:57:32:989
TableControl: QueueUpdate 2021/12/27 下午 03:57:35:323
TableControl: About to update entries 2021/12/27 下午 03:57:35:435
TableControl: Updating entries 2021/12/27 下午 03:57:35:439
TableControl: Updating entries (UI thread) 2021/12/27 下午 03:57:35:442
TableControl: Refreshing UI 2021/12/27 下午 03:57:35:444
Informational: ========== 測試回合已完成: 在 38.2 秒 執行了 1 項測試 (0 項通過，1 項失敗，0 項跳過) ==========
TableControl: QueueUpdate 2021/12/27 下午 03:58:12:42
TableControl: About to update entries 2021/12/27 下午 03:58:12:153
TableControl: Updating entries 2021/12/27 下午 03:58:12:156
TableControl: Updating entries (UI thread) 2021/12/27 下午 03:58:12:168
TableControl: Refreshing UI 2021/12/27 下午 03:58:12:171
Informational: 開始為要求的測試回合執行測試探索
Informational: ========== 開始測試探索 ==========
Warning: 找到相同延伸模組的多個版本。系統會選取最高版本。
  Microsoft.VisualStudio.TestPlatform.MSTest.TestAdapter : 14.0.5816.2
Informational: ========== 測試探索已完成: 在 1.3 秒 找到 2 項測試 ==========
Informational: 正在執行測試方法: 'MainFormUITest.GUITest.MainFormUITest.BulidASnowmanTest'
Informational: ========== 開始測試回合 ==========
TableControl: QueueUpdate 2021/12/27 下午 04:06:17:835
Warning: 找到相同延伸模組的多個版本。系統會選取最高版本。
  Microsoft.VisualStudio.TestPlatform.MSTest.TestAdapter : 14.0.5816.2
TableControl: About to update entries 2021/12/27 下午 04:06:17:950
TableControl: Updating entries 2021/12/27 下午 04:06:17:953
TableControl: Updating entries (UI thread) 2021/12/27 下午 04:06:17:955
TableControl: Refreshing UI 2021/12/27 下午 04:06:17:958
TableControl: QueueUpdate 2021/12/27 下午 04:06:20:309
TableControl: About to update entries 2021/12/27 下午 04:06:20:422
TableControl: Updating entries 2021/12/27 下午 04:06:20:425
TableControl: Updating entries (UI thread) 2021/12/27 下午 04:06:20:427
TableControl: Refreshing UI 2021/12/27 下午 04:06:20:429
Informational: ========== 測試回合已完成: 在 45.4 秒 執行了 1 項測試 (1 項通過，0 項失敗，0 項跳過) ==========
TableControl: QueueUpdate 2021/12/27 下午 04:07:04:274
TableControl: About to update entries 2021/12/27 下午 04:07:04:379
TableControl: Updating entries 2021/12/27 下午 04:07:04:381
TableControl: Updating entries (UI thread) 2021/12/27 下午 04:07:04:384
TableControl: Refreshing UI 2021/12/27 下午 04:07:04:387
Exception : 無效的剪貼簿格式 (Exception from HRESULT: 0x8004006A (DV_E_CLIPFORMAT))
Exception : 無效的剪貼簿格式 (Exception from HRESULT: 0x8004006A (DV_E_CLIPFORMAT))
Exception : 無效的剪貼簿格式 (Exception from HRESULT: 0x8004006A (DV_E_CLIPFORMAT))
Exception : 無效的剪貼簿格式 (Exception from HRESULT: 0x8004006A (DV_E_CLIPFORMAT))
given range is not current
Informational: 記錄層級已設定為 資訊性 (預設)。
Informational: 記錄層級已設定為 資訊性 (預設)。
ResolveFWLinkAccountManager statusCode is redirect: 'True'
ResolveFWLinkAccountManager resovled fwlink from 'https://go.microsoft.com/fwlink/?LinkID=415837' to 'https://app.vssps.visualstudio.com/'
given range is not current
TableControl: QueueUpdate 2022/1/12 下午 12:36:10:593
TableControl: About to update entries 2022/1/12 下午 12:36:10:710
TableControl: Updating entries 2022/1/12 下午 12:36:10:713
TableControl: Updating entries (UI thread) 2022/1/12 下午 12:36:10:808
TableControl: Refreshing UI 2022/1/12 下午 12:36:10:811
Informational: 開始為要求的測試回合執行測試探索
Informational: ========== 開始測試探索 ==========
Warning: 找到相同延伸模組的多個版本。系統會選取最高版本。
  Microsoft.VisualStudio.TestPlatform.MSTest.TestAdapter : 14.0.5816.2
Informational: ========== 測試探索已完成: 在 1.2 秒 找到 3 項測試 ==========
Informational: 正在執行測試方法: 'MainFormUITest.GUITest.MainFormUITest.BasicFunctionTest'
Informational: ========== 開始測試回合 ==========
TableControl: QueueUpdate 2022/1/12 下午 12:40:47:60
TableControl: About to update entries 2022/1/12 下午 12:40:47:177
TableControl: Updating entries 2022/1/12 下午 12:40:47:179
TableControl: Updating entries (UI thread) 2022/1/12 下午 12:40:47:181
TableControl: Refreshing UI 2022/1/12 下午 12:40:47:183
Warning: 找到相同延伸模組的多個版本。系統會選取最高版本。
  Microsoft.VisualStudio.TestPlatform.MSTest.TestAdapter : 14.0.5816.2
TableControl: QueueUpdate 2022/1/12 下午 12:40:49:759
TableControl: About to update entries 2022/1/12 下午 12:40:49:876
TableControl: Updating entries 2022/1/12 下午 12:40:49:878
TableControl: Updating entries (UI thread) 2022/1/12 下午 12:40:49:881
TableControl: Refreshing UI 2022/1/12 下午 12:40:49:883
Informational: ========== 測試回合已完成: 在 26.4 秒 執行了 1 項測試 (0 項通過，1 項失敗，0 項跳過) ==========
TableControl: QueueUpdate 2022/1/12 下午 12:41:15:403
TableControl: About to update entries 2022/1/12 下午 12:41:15:514
TableControl: Updating entries 2022/1/12 下午 12:41:15:516
TableControl: Updating entries (UI thread) 2022/1/12 下午 12:41:15:518
TableControl: Refreshing UI 2022/1/12 下午 12:41:15:520
Informational: 開始為要求的測試回合執行測試探索
Informational: ========== 開始測試探索 ==========
Warning: 找到相同延伸模組的多個版本。系統會選取最高版本。
  Microsoft.VisualStudio.TestPlatform.MSTest.TestAdapter : 14.0.5816.2
Informational: ========== 測試探索已完成: 在 1.3 秒 找到 3 項測試 ==========
Informational: 正在執行測試方法: 'MainFormUITest.GUITest.MainFormUITest.BasicFunctionTest'
Informational: ========== 開始測試回合 ==========
TableControl: QueueUpdate 2022/1/12 下午 12:45:19:572
Warning: 找到相同延伸模組的多個版本。系統會選取最高版本。
  Microsoft.VisualStudio.TestPlatform.MSTest.TestAdapter : 14.0.5816.2
TableControl: About to update entries 2022/1/12 下午 12:45:19:683
TableControl: Updating entries 2022/1/12 下午 12:45:19:685
TableControl: Updating entries (UI thread) 2022/1/12 下午 12:45:19:689
TableControl: Refreshing UI 2022/1/12 下午 12:45:19:691
TableControl: QueueUpdate 2022/1/12 下午 12:45:22:5
TableControl: About to update entries 2022/1/12 下午 12:45:22:112
TableControl: Updating entries 2022/1/12 下午 12:45:22:119
TableControl: Updating entries (UI thread) 2022/1/12 下午 12:45:22:128
TableControl: Refreshing UI 2022/1/12 下午 12:45:22:136
Informational: ========== 測試回合已完成: 在 18.5 秒 執行了 1 項測試 (1 項通過，0 項失敗，0 項跳過) ==========
TableControl: QueueUpdate 2022/1/12 下午 12:45:39:901
TableControl: About to update entries 2022/1/12 下午 12:45:40:10
TableControl: Updating entries 2022/1/12 下午 12:45:40:13
TableControl: Updating entries (UI thread) 2022/1/12 下午 12:45:40:16
TableControl: Refreshing UI 2022/1/12 下午 12:45:40:18
Informational: 正在執行測試方法: 'MainFormUITest.GUITest.MainFormUITest.MoveShapeTest'
Informational: ========== 開始測試回合 ==========
TableControl: QueueUpdate 2022/1/12 下午 12:45:44:128
Warning: 找到相同延伸模組的多個版本。系統會選取最高版本。
  Microsoft.VisualStudio.TestPlatform.MSTest.TestAdapter : 14.0.5816.2
TableControl: About to update entries 2022/1/12 下午 12:45:44:232
TableControl: Updating entries 2022/1/12 下午 12:45:44:234
TableControl: Updating entries (UI thread) 2022/1/12 下午 12:45:44:237
TableControl: Refreshing UI 2022/1/12 下午 12:45:44:240
TableControl: QueueUpdate 2022/1/12 下午 12:45:46:602
TableControl: About to update entries 2022/1/12 下午 12:45:46:718
TableControl: Updating entries 2022/1/12 下午 12:45:46:727
TableControl: Updating entries (UI thread) 2022/1/12 下午 12:45:46:736
TableControl: Refreshing UI 2022/1/12 下午 12:45:46:743
Informational: ========== 測試回合已完成: 在 14.4 秒 執行了 1 項測試 (0 項通過，1 項失敗，0 項跳過) ==========
TableControl: QueueUpdate 2022/1/12 下午 12:45:59:541
TableControl: About to update entries 2022/1/12 下午 12:45:59:651
TableControl: Updating entries 2022/1/12 下午 12:45:59:654
TableControl: Updating entries (UI thread) 2022/1/12 下午 12:45:59:657
TableControl: Refreshing UI 2022/1/12 下午 12:45:59:660
Informational: 開始為要求的測試回合執行測試探索
Informational: ========== 開始測試探索 ==========
Warning: 找到相同延伸模組的多個版本。系統會選取最高版本。
  Microsoft.VisualStudio.TestPlatform.MSTest.TestAdapter : 14.0.5816.2
Informational: ========== 測試探索已完成: 在 3.2 秒 找到 3 項測試 ==========
Informational: 正在執行測試方法: 'MainFormUITest.GUITest.MainFormUITest.MoveShapeTest'
Informational: ========== 開始測試回合 ==========
TableControl: QueueUpdate 2022/1/12 下午 12:46:39:711
Warning: 找到相同延伸模組的多個版本。系統會選取最高版本。
  Microsoft.VisualStudio.TestPlatform.MSTest.TestAdapter : 14.0.5816.2
TableControl: About to update entries 2022/1/12 下午 12:46:39:823
TableControl: Updating entries 2022/1/12 下午 12:46:39:826
TableControl: Updating entries (UI thread) 2022/1/12 下午 12:46:39:849
TableControl: Refreshing UI 2022/1/12 下午 12:46:39:852
TableControl: QueueUpdate 2022/1/12 下午 12:46:42:126
TableControl: About to update entries 2022/1/12 下午 12:46:42:230
TableControl: Updating entries 2022/1/12 下午 12:46:42:232
TableControl: Updating entries (UI thread) 2022/1/12 下午 12:46:42:432
TableControl: Refreshing UI 2022/1/12 下午 12:46:42:435
Informational: ========== 測試回合已完成: 在 15.7 秒 執行了 1 項測試 (0 項通過，1 項失敗，0 項跳過) ==========
TableControl: QueueUpdate 2022/1/12 下午 12:46:56:421
TableControl: About to update entries 2022/1/12 下午 12:46:56:532
TableControl: Updating entries 2022/1/12 下午 12:46:56:534
TableControl: Updating entries (UI thread) 2022/1/12 下午 12:46:56:536
TableControl: Refreshing UI 2022/1/12 下午 12:46:56:538
Informational: 開始為要求的測試回合執行測試探索
Informational: ========== 開始測試探索 ==========
Warning: 找到相同延伸模組的多個版本。系統會選取最高版本。
  Microsoft.VisualStudio.TestPlatform.MSTest.TestAdapter : 14.0.5816.2
Informational: ========== 測試探索已完成: 在 1.2 秒 找到 3 項測試 ==========
Informational: 正在執行測試方法: 'MainFormUITest.GUITest.MainFormUITest.MoveShapeTest'
Informational: ========== 開始測試回合 ==========
TableControl: QueueUpdate 2022/1/12 下午 12:48:50:489
Warning: 找到相同延伸模組的多個版本。系統會選取最高版本。
  Microsoft.VisualStudio.TestPlatform.MSTest.TestAdapter : 14.0.5816.2
TableControl: About to update entries 2022/1/12 下午 12:48:50:606
TableControl: Updating entries 2022/1/12 下午 12:48:50:608
TableControl: Updating entries (UI thread) 2022/1/12 下午 12:48:50:610
TableControl: Refreshing UI 2022/1/12 下午 12:48:50:613
TableControl: QueueUpdate 2022/1/12 下午 12:48:52:940
TableControl: About to update entries 2022/1/12 下午 12:48:53:49
TableControl: Updating entries 2022/1/12 下午 12:48:53:58
TableControl: Updating entries (UI thread) 2022/1/12 下午 12:48:53:66
TableControl: Refreshing UI 2022/1/12 下午 12:48:53:73
Informational: ========== 測試回合已完成: 在 28.4 秒 執行了 1 項測試 (0 項通過，1 項失敗，0 項跳過) ==========
TableControl: QueueUpdate 2022/1/12 下午 12:49:19:868
TableControl: About to update entries 2022/1/12 下午 12:49:19:987
TableControl: Updating entries 2022/1/12 下午 12:49:19:989
TableControl: Updating entries (UI thread) 2022/1/12 下午 12:49:19:991
TableControl: Refreshing UI 2022/1/12 下午 12:49:19:994
TableControl: QueueUpdate 2022/1/12 下午 12:49:30:393
TableControl: About to update entries 2022/1/12 下午 12:49:30:396
TableControl: Updating entries 2022/1/12 下午 12:49:30:399
TableControl: Updating entries (UI thread) 2022/1/12 下午 12:49:30:401
TableControl: Refreshing UI 2022/1/12 下午 12:49:30:404
TableControl: QueueUpdate 2022/1/12 下午 12:49:31:593
TableControl: About to update entries 2022/1/12 下午 12:49:31:596
TableControl: Updating entries 2022/1/12 下午 12:49:31:599
TableControl: Updating entries (UI thread) 2022/1/12 下午 12:49:31:601
TableControl: Refreshing UI 2022/1/12 下午 12:49:31:604
TableControl: QueueUpdate 2022/1/12 下午 12:49:33:137
TableControl: About to update entries 2022/1/12 下午 12:49:33:140
TableControl: Updating entries 2022/1/12 下午 12:49:33:142
TableControl: Updating entries (UI thread) 2022/1/12 下午 12:49:33:145
TableControl: Refreshing UI 2022/1/12 下午 12:49:33:148
Informational: 開始為要求的測試回合執行測試探索
Informational: ========== 開始測試探索 ==========
Warning: 找到相同延伸模組的多個版本。系統會選取最高版本。
  Microsoft.VisualStudio.TestPlatform.MSTest.TestAdapter : 14.0.5816.2
Informational: ========== 測試探索已完成: 在 1.2 秒 找到 3 項測試 ==========
Informational: 正在執行測試方法: 'MainFormUITest.GUITest.MainFormUITest.MoveShapeTest'
Informational: ========== 開始測試回合 ==========
Warning: 找到相同延伸模組的多個版本。系統會選取最高版本。
  Microsoft.VisualStudio.TestPlatform.MSTest.TestAdapter : 14.0.5816.2
TableControl: QueueUpdate 2022/1/12 下午 12:50:23:194
TableControl: About to update entries 2022/1/12 下午 12:50:23:197
TableControl: Updating entries 2022/1/12 下午 12:50:23:200
TableControl: Updating entries (UI thread) 2022/1/12 下午 12:50:23:202
TableControl: Refreshing UI 2022/1/12 下午 12:50:23:206
TableControl: QueueUpdate 2022/1/12 下午 12:50:25:573
TableControl: About to update entries 2022/1/12 下午 12:50:25:685
TableControl: Updating entries 2022/1/12 下午 12:50:25:688
TableControl: Updating entries (UI thread) 2022/1/12 下午 12:50:25:690
TableControl: Refreshing UI 2022/1/12 下午 12:50:25:693
Informational: ========== 測試回合已完成: 在 21.2 秒 執行了 1 項測試 (0 項通過，1 項失敗，0 項跳過) ==========
TableControl: QueueUpdate 2022/1/12 下午 12:50:45:902
TableControl: About to update entries 2022/1/12 下午 12:50:46:17
TableControl: Updating entries 2022/1/12 下午 12:50:46:23
TableControl: Updating entries (UI thread) 2022/1/12 下午 12:50:46:28
TableControl: Refreshing UI 2022/1/12 下午 12:50:46:31
Informational: 正在執行測試方法: 'MainFormUITest.GUITest.MainFormUITest.MoveShapeTest'
Informational: ========== 開始測試回合 ==========
Warning: 找到相同延伸模組的多個版本。系統會選取最高版本。
  Microsoft.VisualStudio.TestPlatform.MSTest.TestAdapter : 14.0.5816.2
TableControl: QueueUpdate 2022/1/12 下午 12:51:34:540
TableControl: About to update entries 2022/1/12 下午 12:51:34:659
TableControl: Updating entries 2022/1/12 下午 12:51:34:661
TableControl: Updating entries (UI thread) 2022/1/12 下午 12:51:34:777
TableControl: Refreshing UI 2022/1/12 下午 12:51:34:780
TableControl: QueueUpdate 2022/1/12 下午 12:51:36:927
TableControl: About to update entries 2022/1/12 下午 12:51:37:46
TableControl: Updating entries 2022/1/12 下午 12:51:37:49
TableControl: Updating entries (UI thread) 2022/1/12 下午 12:51:37:51
TableControl: Refreshing UI 2022/1/12 下午 12:51:37:53
Informational: ========== 測試回合已完成: 在 12.5 秒 執行了 1 項測試 (0 項通過，1 項失敗，0 項跳過) ==========
TableControl: QueueUpdate 2022/1/12 下午 12:51:49:155
TableControl: About to update entries 2022/1/12 下午 12:51:49:996
TableControl: Updating entries 2022/1/12 下午 12:51:49:998
TableControl: Updating entries (UI thread) 2022/1/12 下午 12:51:50:1
TableControl: Refreshing UI 2022/1/12 下午 12:51:50:4
Informational: 正在執行測試方法: 'MainFormUITest.GUITest.MainFormUITest.MoveShapeTest'
Informational: ========== 開始測試回合 ==========
TableControl: QueueUpdate 2022/1/12 下午 12:51:56:349
Warning: 找到相同延伸模組的多個版本。系統會選取最高版本。
  Microsoft.VisualStudio.TestPlatform.MSTest.TestAdapter : 14.0.5816.2
TableControl: About to update entries 2022/1/12 下午 12:51:56:459
TableControl: Updating entries 2022/1/12 下午 12:51:56:461
TableControl: Updating entries (UI thread) 2022/1/12 下午 12:51:56:464
TableControl: Refreshing UI 2022/1/12 下午 12:51:56:466
TableControl: QueueUpdate 2022/1/12 下午 12:51:58:823
TableControl: About to update entries 2022/1/12 下午 12:51:58:950
TableControl: Updating entries 2022/1/12 下午 12:51:58:952
TableControl: Updating entries (UI thread) 2022/1/12 下午 12:51:58:955
TableControl: Refreshing UI 2022/1/12 下午 12:51:58:958
Informational: ========== 測試回合已完成: 在 21.6 秒 執行了 1 項測試 (0 項通過，1 項失敗，0 項跳過) ==========
TableControl: QueueUpdate 2022/1/12 下午 12:52:19:6
TableControl: About to update entries 2022/1/12 下午 12:52:19:110
TableControl: Updating entries 2022/1/12 下午 12:52:19:113
TableControl: Updating entries (UI thread) 2022/1/12 下午 12:52:19:116
TableControl: Refreshing UI 2022/1/12 下午 12:52:19:118
Informational: 開始為要求的測試回合執行測試探索
Informational: ========== 開始測試探索 ==========
Warning: 找到相同延伸模組的多個版本。系統會選取最高版本。
  Microsoft.VisualStudio.TestPlatform.MSTest.TestAdapter : 14.0.5816.2
Informational: ========== 測試探索已完成: 在 1.2 秒 找到 3 項測試 ==========
Informational: 正在執行測試方法: 'MainFormUITest.GUITest.MainFormUITest.MoveShapeTest'
Informational: ========== 開始測試回合 ==========
TableControl: QueueUpdate 2022/1/12 下午 12:52:56:907
Warning: 找到相同延伸模組的多個版本。系統會選取最高版本。
  Microsoft.VisualStudio.TestPlatform.MSTest.TestAdapter : 14.0.5816.2
TableControl: About to update entries 2022/1/12 下午 12:52:57:11
TableControl: Updating entries 2022/1/12 下午 12:52:57:14
TableControl: Updating entries (UI thread) 2022/1/12 下午 12:52:57:17
TableControl: Refreshing UI 2022/1/12 下午 12:52:57:20
TableControl: QueueUpdate 2022/1/12 下午 12:52:59:324
TableControl: About to update entries 2022/1/12 下午 12:52:59:428
TableControl: Updating entries 2022/1/12 下午 12:52:59:430
TableControl: Updating entries (UI thread) 2022/1/12 下午 12:52:59:432
TableControl: Refreshing UI 2022/1/12 下午 12:52:59:434
Informational: ========== 測試回合已完成: 在 20.5 秒 執行了 1 項測試 (0 項通過，1 項失敗，0 項跳過) ==========
TableControl: QueueUpdate 2022/1/12 下午 12:53:18:343
TableControl: About to update entries 2022/1/12 下午 12:53:18:454
TableControl: Updating entries 2022/1/12 下午 12:53:18:458
TableControl: Updating entries (UI thread) 2022/1/12 下午 12:53:18:461
TableControl: Refreshing UI 2022/1/12 下午 12:53:18:463
Informational: 開始為要求的測試回合執行測試探索
Informational: ========== 開始測試探索 ==========
Warning: 找到相同延伸模組的多個版本。系統會選取最高版本。
  Microsoft.VisualStudio.TestPlatform.MSTest.TestAdapter : 14.0.5816.2
Informational: ========== 測試探索已完成: 在 1.2 秒 找到 3 項測試 ==========
Informational: 正在執行測試方法: 'MainFormUITest.GUITest.MainFormUITest.MoveShapeTest'
Informational: ========== 開始測試回合 ==========
TableControl: QueueUpdate 2022/1/12 下午 12:53:52:282
Warning: 找到相同延伸模組的多個版本。系統會選取最高版本。
  Microsoft.VisualStudio.TestPlatform.MSTest.TestAdapter : 14.0.5816.2
TableControl: About to update entries 2022/1/12 下午 12:53:52:386
TableControl: Updating entries 2022/1/12 下午 12:53:52:388
TableControl: Updating entries (UI thread) 2022/1/12 下午 12:53:52:391
TableControl: Refreshing UI 2022/1/12 下午 12:53:52:393
TableControl: QueueUpdate 2022/1/12 下午 12:53:54:728
TableControl: About to update entries 2022/1/12 下午 12:53:54:844
TableControl: Updating entries 2022/1/12 下午 12:53:54:847
TableControl: Updating entries (UI thread) 2022/1/12 下午 12:53:54:850
TableControl: Refreshing UI 2022/1/12 下午 12:53:54:853
Informational: ========== 測試回合已完成: 在 21.4 秒 執行了 1 項測試 (0 項通過，1 項失敗，0 項跳過) ==========
TableControl: QueueUpdate 2022/1/12 下午 12:54:14:654
TableControl: About to update entries 2022/1/12 下午 12:54:14:764
TableControl: Updating entries 2022/1/12 下午 12:54:14:767
TableControl: Updating entries (UI thread) 2022/1/12 下午 12:54:14:770
TableControl: Refreshing UI 2022/1/12 下午 12:54:14:772
Informational: 開始為要求的測試回合執行測試探索
Informational: ========== 開始測試探索 ==========
Warning: 找到相同延伸模組的多個版本。系統會選取最高版本。
  Microsoft.VisualStudio.TestPlatform.MSTest.TestAdapter : 14.0.5816.2
Informational: ========== 測試探索已完成: 在 1.2 秒 找到 3 項測試 ==========
Informational: 正在執行測試方法: 'MainFormUITest.GUITest.MainFormUITest.MoveShapeTest'
Informational: ========== 開始測試回合 ==========
TableControl: QueueUpdate 2022/1/12 下午 12:54:48:716
Warning: 找到相同延伸模組的多個版本。系統會選取最高版本。
  Microsoft.VisualStudio.TestPlatform.MSTest.TestAdapter : 14.0.5816.2
TableControl: About to update entries 2022/1/12 下午 12:54:48:824
TableControl: Updating entries 2022/1/12 下午 12:54:48:827
TableControl: Updating entries (UI thread) 2022/1/12 下午 12:54:48:829
TableControl: Refreshing UI 2022/1/12 下午 12:54:48:832
TableControl: QueueUpdate 2022/1/12 下午 12:54:51:97
TableControl: About to update entries 2022/1/12 下午 12:54:51:201
TableControl: Updating entries 2022/1/12 下午 12:54:51:204
TableControl: Updating entries (UI thread) 2022/1/12 下午 12:54:51:207
TableControl: Refreshing UI 2022/1/12 下午 12:54:51:210
Informational: ========== 測試回合已完成: 在 21.7 秒 執行了 1 項測試 (0 項通過，1 項失敗，0 項跳過) ==========
TableControl: QueueUpdate 2022/1/12 下午 12:55:11:914
TableControl: About to update entries 2022/1/12 下午 12:55:12:29
TableControl: Updating entries 2022/1/12 下午 12:55:12:32
TableControl: Updating entries (UI thread) 2022/1/12 下午 12:55:12:35
TableControl: Refreshing UI 2022/1/12 下午 12:55:12:38
Warning: 建置失敗或其已取消。
Informational: 開始為要求的測試回合執行測試探索
Informational: ========== 開始測試探索 ==========
Warning: 找到相同延伸模組的多個版本。系統會選取最高版本。
  Microsoft.VisualStudio.TestPlatform.MSTest.TestAdapter : 14.0.5816.2
Informational: ========== 測試探索已完成: 在 1.3 秒 找到 3 項測試 ==========
Informational: 正在執行測試方法: 'MainFormUITest.GUITest.MainFormUITest.MoveShapeTest'
Informational: ========== 開始測試回合 ==========
TableControl: QueueUpdate 2022/1/12 下午 12:58:40:884
Warning: 找到相同延伸模組的多個版本。系統會選取最高版本。
  Microsoft.VisualStudio.TestPlatform.MSTest.TestAdapter : 14.0.5816.2
TableControl: About to update entries 2022/1/12 下午 12:58:41:0
TableControl: Updating entries 2022/1/12 下午 12:58:41:2
TableControl: Updating entries (UI thread) 2022/1/12 下午 12:58:41:5
TableControl: Refreshing UI 2022/1/12 下午 12:58:41:8
TableControl: QueueUpdate 2022/1/12 下午 12:58:43:284
TableControl: About to update entries 2022/1/12 下午 12:58:43:386
TableControl: Updating entries 2022/1/12 下午 12:58:43:389
TableControl: Updating entries (UI thread) 2022/1/12 下午 12:58:43:393
TableControl: Refreshing UI 2022/1/12 下午 12:58:43:396
Informational: ========== 測試回合已完成: 在 22.2 秒 執行了 1 項測試 (0 項通過，1 項失敗，0 項跳過) ==========
TableControl: QueueUpdate 2022/1/12 下午 12:59:04:33
TableControl: About to update entries 2022/1/12 下午 12:59:04:137
TableControl: Updating entries 2022/1/12 下午 12:59:04:140
TableControl: Updating entries (UI thread) 2022/1/12 下午 12:59:04:143
TableControl: Refreshing UI 2022/1/12 下午 12:59:04:146
Informational: 開始為要求的測試回合執行測試探索
Informational: ========== 開始測試探索 ==========
Warning: 找到相同延伸模組的多個版本。系統會選取最高版本。
  Microsoft.VisualStudio.TestPlatform.MSTest.TestAdapter : 14.0.5816.2
Informational: ========== 測試探索已完成: 在 1.3 秒 找到 3 項測試 ==========
Informational: 正在執行測試方法: 'MainFormUITest.GUITest.MainFormUITest.MoveShapeTest'
Informational: ========== 開始測試回合 ==========
Warning: 找到相同延伸模組的多個版本。系統會選取最高版本。
  Microsoft.VisualStudio.TestPlatform.MSTest.TestAdapter : 14.0.5816.2
TableControl: QueueUpdate 2022/1/12 下午 01:02:51:764
TableControl: About to update entries 2022/1/12 下午 01:02:51:877
TableControl: Updating entries 2022/1/12 下午 01:02:51:880
TableControl: Updating entries (UI thread) 2022/1/12 下午 01:02:51:883
TableControl: Refreshing UI 2022/1/12 下午 01:02:51:886
TableControl: QueueUpdate 2022/1/12 下午 01:02:54:187
TableControl: About to update entries 2022/1/12 下午 01:02:54:297
TableControl: Updating entries 2022/1/12 下午 01:02:54:300
TableControl: Updating entries (UI thread) 2022/1/12 下午 01:02:54:304
TableControl: Refreshing UI 2022/1/12 下午 01:02:54:307
Informational: ========== 測試回合已完成: 在 20.9 秒 執行了 1 項測試 (0 項通過，1 項失敗，0 項跳過) ==========
TableControl: QueueUpdate 2022/1/12 下午 01:03:13:583
TableControl: About to update entries 2022/1/12 下午 01:03:13:687
TableControl: Updating entries 2022/1/12 下午 01:03:13:689
TableControl: Updating entries (UI thread) 2022/1/12 下午 01:03:13:692
TableControl: Refreshing UI 2022/1/12 下午 01:03:13:694
Informational: 開始為要求的測試回合執行測試探索
Informational: ========== 開始測試探索 ==========
Warning: 找到相同延伸模組的多個版本。系統會選取最高版本。
  Microsoft.VisualStudio.TestPlatform.MSTest.TestAdapter : 14.0.5816.2
Informational: ========== 測試探索已完成: 在 1.3 秒 找到 3 項測試 ==========
Informational: 正在執行測試方法: 'MainFormUITest.GUITest.MainFormUITest.MoveShapeTest'
Informational: ========== 開始測試回合 ==========
TableControl: QueueUpdate 2022/1/12 下午 01:04:14:19
Warning: 找到相同延伸模組的多個版本。系統會選取最高版本。
  Microsoft.VisualStudio.TestPlatform.MSTest.TestAdapter : 14.0.5816.2
TableControl: About to update entries 2022/1/12 下午 01:04:14:121
TableControl: Updating entries 2022/1/12 下午 01:04:14:124
TableControl: Updating entries (UI thread) 2022/1/12 下午 01:04:14:127
TableControl: Refreshing UI 2022/1/12 下午 01:04:14:129
TableControl: QueueUpdate 2022/1/12 下午 01:04:16:433
TableControl: About to update entries 2022/1/12 下午 01:04:16:549
TableControl: Updating entries 2022/1/12 下午 01:04:16:551
TableControl: Updating entries (UI thread) 2022/1/12 下午 01:04:16:554
TableControl: Refreshing UI 2022/1/12 下午 01:04:16:557
Informational: ========== 測試回合已完成: 在 20.4 秒 執行了 1 項測試 (0 項通過，1 項失敗，0 項跳過) ==========
TableControl: QueueUpdate 2022/1/12 下午 01:04:35:409
TableControl: About to update entries 2022/1/12 下午 01:04:35:514
TableControl: Updating entries 2022/1/12 下午 01:04:35:517
TableControl: Updating entries (UI thread) 2022/1/12 下午 01:04:35:520
TableControl: Refreshing UI 2022/1/12 下午 01:04:35:522
Informational: 開始為要求的測試回合執行測試探索
Informational: ========== 開始測試探索 ==========
Warning: 找到相同延伸模組的多個版本。系統會選取最高版本。
  Microsoft.VisualStudio.TestPlatform.MSTest.TestAdapter : 14.0.5816.2
Informational: ========== 測試探索已完成: 在 1.3 秒 找到 3 項測試 ==========
Informational: 正在執行測試方法: 'MainFormUITest.GUITest.MainFormUITest.MoveShapeTest'
Informational: ========== 開始測試回合 ==========
TableControl: QueueUpdate 2022/1/12 下午 01:04:57:132
Warning: 找到相同延伸模組的多個版本。系統會選取最高版本。
  Microsoft.VisualStudio.TestPlatform.MSTest.TestAdapter : 14.0.5816.2
TableControl: About to update entries 2022/1/12 下午 01:04:57:248
TableControl: Updating entries 2022/1/12 下午 01:04:57:251
TableControl: Updating entries (UI thread) 2022/1/12 下午 01:04:57:253
TableControl: Refreshing UI 2022/1/12 下午 01:04:57:256
TableControl: QueueUpdate 2022/1/12 下午 01:04:59:566
TableControl: About to update entries 2022/1/12 下午 01:04:59:670
TableControl: Updating entries 2022/1/12 下午 01:04:59:674
TableControl: Updating entries (UI thread) 2022/1/12 下午 01:04:59:678
TableControl: Refreshing UI 2022/1/12 下午 01:04:59:680
Informational: ========== 測試回合已完成: 在 20.9 秒 執行了 1 項測試 (0 項通過，1 項失敗，0 項跳過) ==========
TableControl: QueueUpdate 2022/1/12 下午 01:05:18:996
TableControl: About to update entries 2022/1/12 下午 01:05:19:109
TableControl: Updating entries 2022/1/12 下午 01:05:19:112
TableControl: Updating entries (UI thread) 2022/1/12 下午 01:05:19:115
TableControl: Refreshing UI 2022/1/12 下午 01:05:19:117
Informational: 正在執行測試方法: 'MainFormUITest.GUITest.MainFormUITest.MoveShapeTest'
Informational: ========== 開始測試回合 ==========
TableControl: QueueUpdate 2022/1/12 下午 01:08:26:9
TableControl: About to update entries 2022/1/12 下午 01:08:26:113
TableControl: Updating entries 2022/1/12 下午 01:08:26:115
TableControl: Updating entries (UI thread) 2022/1/12 下午 01:08:26:118
TableControl: Refreshing UI 2022/1/12 下午 01:08:26:121
Warning: 找到相同延伸模組的多個版本。系統會選取最高版本。
  Microsoft.VisualStudio.TestPlatform.MSTest.TestAdapter : 14.0.5816.2
TableControl: QueueUpdate 2022/1/12 下午 01:08:30:24
TableControl: About to update entries 2022/1/12 下午 01:08:30:136
TableControl: Updating entries 2022/1/12 下午 01:08:30:139
TableControl: Updating entries (UI thread) 2022/1/12 下午 01:08:30:142
TableControl: Refreshing UI 2022/1/12 下午 01:08:30:145
Informational: ========== 測試回合已完成: 在 22.1 秒 執行了 1 項測試 (0 項通過，1 項失敗，0 項跳過) ==========
TableControl: QueueUpdate 2022/1/12 下午 01:08:50:670
TableControl: About to update entries 2022/1/12 下午 01:08:50:781
TableControl: Updating entries 2022/1/12 下午 01:08:50:784
TableControl: Updating entries (UI thread) 2022/1/12 下午 01:08:50:787
TableControl: Refreshing UI 2022/1/12 下午 01:08:50:790
Informational: 開始為要求的測試回合執行測試探索
Informational: ========== 開始測試探索 ==========
Warning: 找到相同延伸模組的多個版本。系統會選取最高版本。
  Microsoft.VisualStudio.TestPlatform.MSTest.TestAdapter : 14.0.5816.2
Informational: ========== 測試探索已完成: 在 1.4 秒 找到 3 項測試 ==========
Informational: 正在執行測試方法: 'MainFormUITest.GUITest.MainFormUITest.MoveShapeTest'
Informational: ========== 開始測試回合 ==========
TableControl: QueueUpdate 2022/1/12 下午 01:09:05:753
Warning: 找到相同延伸模組的多個版本。系統會選取最高版本。
  Microsoft.VisualStudio.TestPlatform.MSTest.TestAdapter : 14.0.5816.2
TableControl: About to update entries 2022/1/12 下午 01:09:05:871
TableControl: Updating entries 2022/1/12 下午 01:09:05:874
TableControl: Updating entries (UI thread) 2022/1/12 下午 01:09:05:878
TableControl: Refreshing UI 2022/1/12 下午 01:09:05:880
TableControl: QueueUpdate 2022/1/12 下午 01:09:08:200
TableControl: About to update entries 2022/1/12 下午 01:09:08:304
TableControl: Updating entries 2022/1/12 下午 01:09:08:308
TableControl: Updating entries (UI thread) 2022/1/12 下午 01:09:08:311
TableControl: Refreshing UI 2022/1/12 下午 01:09:08:314
Informational: ========== 測試回合已完成: 在 21 秒 執行了 1 項測試 (0 項通過，1 項失敗，0 項跳過) ==========
TableControl: QueueUpdate 2022/1/12 下午 01:09:27:766
TableControl: About to update entries 2022/1/12 下午 01:09:27:870
TableControl: Updating entries 2022/1/12 下午 01:09:27:872
TableControl: Updating entries (UI thread) 2022/1/12 下午 01:09:27:875
TableControl: Refreshing UI 2022/1/12 下午 01:09:27:877
Informational: 正在執行測試方法: 'MainFormUITest.GUITest.MainFormUITest.MoveShapeTest'
Informational: ========== 開始測試回合 ==========
TableControl: QueueUpdate 2022/1/12 下午 01:10:03:447
Warning: 找到相同延伸模組的多個版本。系統會選取最高版本。
  Microsoft.VisualStudio.TestPlatform.MSTest.TestAdapter : 14.0.5816.2
TableControl: About to update entries 2022/1/12 下午 01:10:03:558
TableControl: Updating entries 2022/1/12 下午 01:10:03:561
TableControl: Updating entries (UI thread) 2022/1/12 下午 01:10:03:898
TableControl: Refreshing UI 2022/1/12 下午 01:10:03:901
TableControl: QueueUpdate 2022/1/12 下午 01:10:05:890
TableControl: About to update entries 2022/1/12 下午 01:10:06:2
TableControl: Updating entries 2022/1/12 下午 01:10:06:4
TableControl: Updating entries (UI thread) 2022/1/12 下午 01:10:06:8
TableControl: Refreshing UI 2022/1/12 下午 01:10:06:11
Informational: ========== 測試回合已完成: 在 20.6 秒 執行了 1 項測試 (1 項通過，0 項失敗，0 項跳過) ==========
TableControl: QueueUpdate 2022/1/12 下午 01:10:25:20
TableControl: About to update entries 2022/1/12 下午 01:10:25:124
TableControl: Updating entries 2022/1/12 下午 01:10:25:126
TableControl: Updating entries (UI thread) 2022/1/12 下午 01:10:25:129
TableControl: Refreshing UI 2022/1/12 下午 01:10:25:132
Informational: 正在執行測試方法: 'MainFormUITest.GUITest.MainFormUITest.MoveShapeTest'
Informational: ========== 開始測試回合 ==========
TableControl: QueueUpdate 2022/1/12 下午 01:11:21:871
Warning: 找到相同延伸模組的多個版本。系統會選取最高版本。
  Microsoft.VisualStudio.TestPlatform.MSTest.TestAdapter : 14.0.5816.2
TableControl: About to update entries 2022/1/12 下午 01:11:21:988
TableControl: Updating entries 2022/1/12 下午 01:11:21:990
TableControl: Updating entries (UI thread) 2022/1/12 下午 01:11:21:994
TableControl: Refreshing UI 2022/1/12 下午 01:11:21:996
TableControl: QueueUpdate 2022/1/12 下午 01:11:24:297
TableControl: About to update entries 2022/1/12 下午 01:11:24:401
TableControl: Updating entries 2022/1/12 下午 01:11:24:404
TableControl: Updating entries (UI thread) 2022/1/12 下午 01:11:24:407
TableControl: Refreshing UI 2022/1/12 下午 01:11:24:409
Informational: ========== 測試回合已完成: 在 18.7 秒 執行了 1 項測試 (0 項通過，1 項失敗，0 項跳過) ==========
TableControl: QueueUpdate 2022/1/12 下午 01:11:41:566
TableControl: About to update entries 2022/1/12 下午 01:11:41:670
TableControl: Updating entries 2022/1/12 下午 01:11:41:672
TableControl: Updating entries (UI thread) 2022/1/12 下午 01:11:41:675
TableControl: Refreshing UI 2022/1/12 下午 01:11:41:677
Informational: 開始為要求的測試回合執行測試探索
Informational: ========== 開始測試探索 ==========
Warning: 找到相同延伸模組的多個版本。系統會選取最高版本。
  Microsoft.VisualStudio.TestPlatform.MSTest.TestAdapter : 14.0.5816.2
Informational: ========== 測試探索已完成: 在 1.3 秒 找到 3 項測試 ==========
Informational: 正在執行測試方法: 'MainFormUITest.GUITest.MainFormUITest.MoveShapeTest'
Informational: ========== 開始測試回合 ==========
TableControl: QueueUpdate 2022/1/12 下午 01:11:59:150
Warning: 找到相同延伸模組的多個版本。系統會選取最高版本。
  Microsoft.VisualStudio.TestPlatform.MSTest.TestAdapter : 14.0.5816.2
TableControl: About to update entries 2022/1/12 下午 01:11:59:262
TableControl: Updating entries 2022/1/12 下午 01:11:59:264
TableControl: Updating entries (UI thread) 2022/1/12 下午 01:11:59:266
TableControl: Refreshing UI 2022/1/12 下午 01:11:59:269
TableControl: QueueUpdate 2022/1/12 下午 01:12:01:563
TableControl: About to update entries 2022/1/12 下午 01:12:01:673
TableControl: Updating entries 2022/1/12 下午 01:12:01:675
TableControl: Updating entries (UI thread) 2022/1/12 下午 01:12:01:678
TableControl: Refreshing UI 2022/1/12 下午 01:12:01:680
Informational: ========== 測試回合已完成: 在 18.9 秒 執行了 1 項測試 (1 項通過，0 項失敗，0 項跳過) ==========
TableControl: QueueUpdate 2022/1/12 下午 01:12:19:76
TableControl: About to update entries 2022/1/12 下午 01:12:19:189
TableControl: Updating entries 2022/1/12 下午 01:12:19:192
TableControl: Updating entries (UI thread) 2022/1/12 下午 01:12:19:195
TableControl: Refreshing UI 2022/1/12 下午 01:12:19:199
TableControl: QueueUpdate 2022/1/12 下午 01:13:23:894
TableControl: About to update entries 2022/1/12 下午 01:13:24:6
TableControl: Updating entries 2022/1/12 下午 01:13:24:10
TableControl: Updating entries (UI thread) 2022/1/12 下午 01:13:24:13
TableControl: Refreshing UI 2022/1/12 下午 01:13:24:16
TableControl: QueueUpdate 2022/1/12 下午 01:13:32:127
TableControl: About to update entries 2022/1/12 下午 01:13:32:241
TableControl: Updating entries 2022/1/12 下午 01:13:32:244
TableControl: Updating entries (UI thread) 2022/1/12 下午 01:13:32:247
TableControl: Refreshing UI 2022/1/12 下午 01:13:32:250
Informational: 開始為要求的測試回合執行測試探索
Informational: ========== 開始測試探索 ==========
Warning: 找到相同延伸模組的多個版本。系統會選取最高版本。
  Microsoft.VisualStudio.TestPlatform.MSTest.TestAdapter : 14.0.5816.2
Informational: ========== 測試探索已完成: 在 1.3 秒 找到 4 項測試 ==========
Informational: 正在執行測試方法: 'MainFormUITest.GUITest.MainFormUITest.RedoAndUndoTest'
Informational: ========== 開始測試回合 ==========
TableControl: QueueUpdate 2022/1/12 下午 01:18:40:401
TableControl: About to update entries 2022/1/12 下午 01:18:40:513
TableControl: Updating entries 2022/1/12 下午 01:18:40:516
TableControl: Updating entries (UI thread) 2022/1/12 下午 01:18:40:519
TableControl: Refreshing UI 2022/1/12 下午 01:18:40:521
Warning: 找到相同延伸模組的多個版本。系統會選取最高版本。
  Microsoft.VisualStudio.TestPlatform.MSTest.TestAdapter : 14.0.5816.2
TableControl: QueueUpdate 2022/1/12 下午 01:18:42:998
TableControl: About to update entries 2022/1/12 下午 01:18:43:102
TableControl: Updating entries 2022/1/12 下午 01:18:43:104
TableControl: Updating entries (UI thread) 2022/1/12 下午 01:18:43:107
TableControl: Refreshing UI 2022/1/12 下午 01:18:43:110
Informational: ========== 測試回合已完成: 在 19.9 秒 執行了 1 項測試 (0 項通過，1 項失敗，0 項跳過) ==========
TableControl: QueueUpdate 2022/1/12 下午 01:19:01:482
TableControl: About to update entries 2022/1/12 下午 01:19:01:593
TableControl: Updating entries 2022/1/12 下午 01:19:01:596
TableControl: Updating entries (UI thread) 2022/1/12 下午 01:19:01:598
TableControl: Refreshing UI 2022/1/12 下午 01:19:01:600
Informational: 開始為要求的測試回合執行測試探索
Informational: ========== 開始測試探索 ==========
Warning: 找到相同延伸模組的多個版本。系統會選取最高版本。
  Microsoft.VisualStudio.TestPlatform.MSTest.TestAdapter : 14.0.5816.2
Informational: ========== 測試探索已完成: 在 1.3 秒 找到 4 項測試 ==========
Informational: 正在執行測試方法: 'MainFormUITest.GUITest.MainFormUITest.RedoAndUndoTest'
Informational: ========== 開始測試回合 ==========
TableControl: QueueUpdate 2022/1/12 下午 01:24:21:14
Warning: 找到相同延伸模組的多個版本。系統會選取最高版本。
  Microsoft.VisualStudio.TestPlatform.MSTest.TestAdapter : 14.0.5816.2
TableControl: About to update entries 2022/1/12 下午 01:24:21:126
TableControl: Updating entries 2022/1/12 下午 01:24:21:129
TableControl: Updating entries (UI thread) 2022/1/12 下午 01:24:21:132
TableControl: Refreshing UI 2022/1/12 下午 01:24:21:136
TableControl: QueueUpdate 2022/1/12 下午 01:24:23:495
TableControl: About to update entries 2022/1/12 下午 01:24:23:608
TableControl: Updating entries 2022/1/12 下午 01:24:23:611
TableControl: Updating entries (UI thread) 2022/1/12 下午 01:24:23:614
TableControl: Refreshing UI 2022/1/12 下午 01:24:23:617
Informational: ========== 測試回合已完成: 在 19.8 秒 執行了 1 項測試 (0 項通過，1 項失敗，0 項跳過) ==========
TableControl: QueueUpdate 2022/1/12 下午 01:24:44:904
TableControl: About to update entries 2022/1/12 下午 01:24:45:23
TableControl: Updating entries 2022/1/12 下午 01:24:45:25
TableControl: Updating entries (UI thread) 2022/1/12 下午 01:24:45:28
TableControl: Refreshing UI 2022/1/12 下午 01:24:45:30
Informational: 正在執行測試方法: 'MainFormUITest.GUITest.MainFormUITest.RedoAndUndoTest'
Informational: ========== 開始測試回合 ==========
TableControl: QueueUpdate 2022/1/12 下午 01:25:37:414
Warning: 找到相同延伸模組的多個版本。系統會選取最高版本。
  Microsoft.VisualStudio.TestPlatform.MSTest.TestAdapter : 14.0.5816.2
TableControl: About to update entries 2022/1/12 下午 01:25:37:530
TableControl: Updating entries 2022/1/12 下午 01:25:37:533
TableControl: Updating entries (UI thread) 2022/1/12 下午 01:25:37:536
TableControl: Refreshing UI 2022/1/12 下午 01:25:37:539
TableControl: QueueUpdate 2022/1/12 下午 01:25:39:815
TableControl: About to update entries 2022/1/12 下午 01:25:39:918
TableControl: Updating entries 2022/1/12 下午 01:25:39:921
TableControl: Updating entries (UI thread) 2022/1/12 下午 01:25:39:924
TableControl: Refreshing UI 2022/1/12 下午 01:25:39:927
Informational: ========== 測試回合已完成: 在 19.8 秒 執行了 1 項測試 (0 項通過，1 項失敗，0 項跳過) ==========
TableControl: QueueUpdate 2022/1/12 下午 01:26:00:898
TableControl: About to update entries 2022/1/12 下午 01:26:01:1
TableControl: Updating entries 2022/1/12 下午 01:26:01:4
TableControl: Updating entries (UI thread) 2022/1/12 下午 01:26:01:7
TableControl: Refreshing UI 2022/1/12 下午 01:26:01:11
TestWindow package loaded
Informational: 記錄層級已設定為 資訊性 (預設)。
Informational: 記錄層級已設定為 資訊性 (預設)。
